[2016.02.27-11.50.01:108][  0]Log file open, 02/27/16 13:50:01
[2016.02.27-11.50.01:109][  0]LogInit:Display: Running engine for game: EpiChase
[2016.02.27-11.50.01:109][  0]LogPlatformFile: Not using cached read wrapper
[2016.02.27-11.50.01:109][  0]LogInit:Display: RandInit(742819898) SRandInit(742819900).
[2016.02.27-11.50.01:109][  0]LogTaskGraph: Started task graph with 4 named threads and 7 total threads.
[2016.02.27-11.50.01:109][  0]LogStats: Stats thread started at 0.084640
[2016.02.27-11.50.01:109][  0]LogInit: Version: 4.10.4-2872498+++depot+UE4-Releases+4.10
[2016.02.27-11.50.01:109][  0]LogInit: API Version: 2758231
[2016.02.27-11.50.01:109][  0]LogInit: Compiled (64-bit): Feb 18 2016 15:47:04
[2016.02.27-11.50.01:109][  0]LogInit: Compiled with Visual C++: 19.00.23026.00
[2016.02.27-11.50.01:109][  0]LogInit: Build Configuration: Development
[2016.02.27-11.50.01:109][  0]LogInit: Branch Name: ++depot+UE4-Releases+4.10
[2016.02.27-11.50.01:109][  0]LogInit: Command line: -EpicPortal 
[2016.02.27-11.50.01:109][  0]LogInit: Base directory: C:/Program Files (x86)/Epic Games/4.10/Engine/Binaries/Win64/
[2016.02.27-11.50.01:109][  0]LogInit: Rocket: 1
[2016.02.27-11.50.01:115][  0]LogInit: Using libcurl 7.41.0
[2016.02.27-11.50.01:115][  0]LogInit:  - built for x86_64-pc-win32
[2016.02.27-11.50.01:115][  0]LogInit:  - supports SSL with WinSSL
[2016.02.27-11.50.01:115][  0]LogInit:  - other features:
[2016.02.27-11.50.01:115][  0]LogInit:      CURL_VERSION_SSL
[2016.02.27-11.50.01:115][  0]LogInit:      CURL_VERSION_IPV6
[2016.02.27-11.50.01:115][  0]LogInit:      CURL_VERSION_ASYNCHDNS
[2016.02.27-11.50.01:115][  0]LogInit:      CURL_VERSION_LARGEFILE
[2016.02.27-11.50.01:115][  0]LogInit:      CURL_VERSION_IDN
[2016.02.27-11.50.01:115][  0]LogInit:  CurlRequestOptions (configurable via config and command line):
[2016.02.27-11.50.01:115][  0]LogInit:  - bVerifyPeer = true  - Libcurl will verify peer certificate
[2016.02.27-11.50.01:115][  0]LogInit:  - bUseHttpProxy = false  - Libcurl will NOT use HTTP proxy
[2016.02.27-11.50.01:115][  0]LogInit:  - bDontReuseConnections = false  - Libcurl will reuse connections
[2016.02.27-11.50.01:115][  0]LogInit:  - CertBundlePath = nullptr  - Libcurl will use whatever was configured at build time.
[2016.02.27-11.50.01:123][  0]LogInit: Presizing for 0 objects not considered by GC, pre-allocating 0 bytes.
[2016.02.27-11.50.01:131][  0]LogInit: Object subsystem initialized
[2016.02.27-11.50.01:132][  0]LogInit: Selected Device Profile: [Windows]
[2016.02.27-11.50.01:132][  0]LogInit: Applying CVar settings loaded from the selected device profile: [Windows]
[2016.02.27-11.50.01:141][  0]LogInit: Computer: DESKTOP-7ILLSRK
[2016.02.27-11.50.01:141][  0]LogInit: User: Danutel
[2016.02.27-11.50.01:141][  0]LogInit: CPU Page size=4096, Cores=4
[2016.02.27-11.50.01:141][  0]LogInit: High frequency timer resolution =3.173612 MHz
[2016.02.27-11.50.01:141][  0]LogMemory: Memory total: Physical=8.0GB (8GB approx)
[2016.02.27-11.50.01:141][  0]LogMemory: Platform Memory Stats for Windows
[2016.02.27-11.50.01:141][  0]LogMemory: Process Physical Memory: 55.64 MB used, 55.64 MB peak
[2016.02.27-11.50.01:141][  0]LogMemory: Process Virtual Memory: 58.65 MB used, 58.65 MB peak
[2016.02.27-11.50.01:141][  0]LogMemory: Physical Memory: 2543.34 MB used, 8191.08 MB total
[2016.02.27-11.50.01:141][  0]LogMemory: Virtual Memory: 385.14 MB used, 134217728.00 MB total
[2016.02.27-11.50.01:205][  0]LogTextLocalizationManager: No specific translations for ('en-US') exist, so ('en') translations will be used.
[2016.02.27-11.50.01:770][  0]LogD3D11RHI: Found D3D11 adapter 0: NVIDIA GeForce GTX 750 Ti (Feature Level 11_0)
[2016.02.27-11.50.01:770][  0]LogD3D11RHI: Adapter has 1992MB of dedicated video memory, 0MB of dedicated system memory, and 4095MB of shared system memory, 1 output[s]
[2016.02.27-11.50.01:772][  0]LogD3D11RHI: Found D3D11 adapter 1: Microsoft Basic Render Driver (Feature Level 11_0)
[2016.02.27-11.50.01:772][  0]LogD3D11RHI: Adapter has 0MB of dedicated video memory, 0MB of dedicated system memory, and 4095MB of shared system memory, 0 output[s]
[2016.02.27-11.50.01:772][  0]LogD3D11RHI: Chosen D3D11 Adapter Id = 0
[2016.02.27-11.50.01:777][  0]LogD3D11RHI: !Direct3DDevice
[2016.02.27-11.50.01:777][  0]LogRHI: Texture pool is 1361 MB (70% of 1945 MB)
[2016.02.27-11.50.01:795][  0]LogD3D11RHI: Async texture creation enabled
[2016.02.27-11.50.01:806][  0]LogShaderCompilers: Guid format shader working directory is 19 characters bigger than the processId version (D:/GitHub/mortiimati/EpiChase/Intermediate/Shaders/WorkingDirectory/1844/).
[2016.02.27-11.50.01:807][  0]LogShaderCompilers: Cleaned the shader compiler working directory 'C:/Users/Danutel/AppData/Local/Temp/UnrealShaderWorkingDir/8086641C4BE4392236D342AD395FAC41/'.
[2016.02.27-11.50.01:807][  0]LogShaderCompilers:Display: Using Local Shader Compiler.
[2016.02.27-11.50.02:963][  0]LogTemp:Display: Loaded TP AllDesktopTargetPlatform
[2016.02.27-11.50.02:969][  0]LogTemp:Display: Loaded TP WindowsClientTargetPlatform
[2016.02.27-11.50.02:975][  0]LogTemp:Display: Loaded TP WindowsNoEditorTargetPlatform
[2016.02.27-11.50.02:981][  0]LogTemp:Display: Loaded TP WindowsServerTargetPlatform
[2016.02.27-11.50.02:986][  0]LogTemp:Display: Loaded TP WindowsTargetPlatform
[2016.02.27-11.50.02:990][  0]LogTemp:Display: Loaded TP AndroidTargetPlatform
[2016.02.27-11.50.02:993][  0]LogTemp:Display: Loaded TP Android_ASTCTargetPlatform
[2016.02.27-11.50.02:996][  0]LogTemp:Display: Loaded TP Android_ATCTargetPlatform
[2016.02.27-11.50.03:000][  0]LogTemp:Display: Loaded TP Android_DXTTargetPlatform
[2016.02.27-11.50.03:004][  0]LogTemp:Display: Loaded TP Android_ETC1TargetPlatform
[2016.02.27-11.50.03:008][  0]LogTemp:Display: Loaded TP Android_ETC2TargetPlatform
[2016.02.27-11.50.03:018][  0]LogTemp:Display: Loaded TP Android_MultiTargetPlatform
[2016.02.27-11.50.03:018][  0]LogTemp:Display: Loaded TP Android_PVRTCTargetPlatform
[2016.02.27-11.50.03:019][  0]LogTemp:Display: Loaded TP HTML5TargetPlatform
[2016.02.27-11.50.03:036][  0]LogTemp:Display: Loaded TP IOSTargetPlatform
[2016.02.27-11.50.03:041][  0]LogTemp:Display: Loaded TP LinuxNoEditorTargetPlatform
[2016.02.27-11.50.03:045][  0]LogTemp:Display: Loaded TP LinuxServerTargetPlatform
[2016.02.27-11.50.03:049][  0]LogTemp:Display: Loaded TP LinuxTargetPlatform
[2016.02.27-11.50.03:049][  0]LogTargetPlatformManager:Display: Building Assets For Windows
[2016.02.27-11.50.03:147][  0]LogDerivedDataCache:Display: Max Cache Size: 512 MB
[2016.02.27-11.50.03:233][  0]LogDerivedDataCache: Loaded boot cache 0.09s 41MB C:/Users/Danutel/AppData/Local/UnrealEngine/4.10/DerivedDataCache/Boot.ddc.
[2016.02.27-11.50.03:233][  0]LogDerivedDataCache:Display: Loaded Boot cache: C:/Users/Danutel/AppData/Local/UnrealEngine/4.10/DerivedDataCache/Boot.ddc
[2016.02.27-11.50.03:233][  0]LogDerivedDataCache: FDerivedDataBackendGraph:  Pak pak cache file D:/GitHub/mortiimati/EpiChase/DerivedDataCache/DDC.ddp not found, will not use a pak cache.
[2016.02.27-11.50.03:233][  0]LogDerivedDataCache: Unable to find inner node Pak for hierarchical cache Hierarchy.
[2016.02.27-11.50.03:233][  0]LogDerivedDataCache: FDerivedDataBackendGraph:  CompressedPak pak cache file D:/GitHub/mortiimati/EpiChase/DerivedDataCache/Compressed.ddp not found, will not use a pak cache.
[2016.02.27-11.50.03:233][  0]LogDerivedDataCache: Unable to find inner node CompressedPak for hierarchical cache Hierarchy.
[2016.02.27-11.50.03:317][  0]LogDerivedDataCache:Display: Pak cache opened for reading ../../../Engine/DerivedDataCache/Compressed.ddp.
[2016.02.27-11.50.03:329][  0]LogDerivedDataCache: Using Local data cache path C:/Users/Danutel/AppData/Local/UnrealEngine/Common/DerivedDataCache: Writable
[2016.02.27-11.50.03:574][  0]LogInit: Selected Device Profile: [Windows]
[2016.02.27-11.50.03:578][  0]LogContentStreaming: Texture pool size is 0.000000MB
[2016.02.27-11.50.03:708][  0]LogMeshUtilities: No automatic mesh reduction module available
[2016.02.27-11.50.03:708][  0]LogMeshUtilities: No automatic mesh merging module available
[2016.02.27-11.50.04:015][  0]LogInit: WinSock: version 1.1 (2.2), MaxSocks=32767, MaxUdp=65467
[2016.02.27-11.50.04:927][  0]UdpMessaging: Initializing bridge on interface 0.0.0.0:0 to multicast group 230.0.0.1:6666.
[2016.02.27-11.50.05:030][  0]LogAssetRegistry: FAssetRegistry took 0.0111 seconds to start up
[2016.02.27-11.50.05:223][  0]SourceControl: Info Source control is disabled
[2016.02.27-11.50.05:224][  0]SourceControl: Info Source control is disabled
[2016.02.27-11.50.05:240][  0]SourceControl: Info Source control is disabled
[2016.02.27-11.50.05:256][  0]SourceControl: Info Source control is disabled
[2016.02.27-11.50.05:578][  0]LogObj: 28633 objects as part of root set at end of initial load.
[2016.02.27-11.50.05:579][  0]LogUObjectAllocator: 6099752 out of 0 bytes used by permanent object pool.
[2016.02.27-11.50.05:646][  0]LogEngine: Initializing Engine...
[2016.02.27-11.50.05:650][  0]LogHMD: Can't find Oculus library dev build: is proper Runtime installed? Version: 0.8.0.0
[2016.02.27-11.50.05:651][  0]LogHMD: SteamVR failed to initialize.  Err: 110
[2016.02.27-11.50.05:809][  0]LogAIModule: Creating AISystem for world NewWorld
[2016.02.27-11.50.05:815][  0]LogInit: XAudio2 using 'Headphone (VIA HD Audio)' : 2 channels at 48 kHz using 32 bits per sample (channel mask 0x3)
[2016.02.27-11.50.05:830][  0]LogInit: FAudioDevice initialized.
[2016.02.27-11.50.05:869][  0]LogDerivedDataCache: Saved boot cache 0.04s 41MB C:/Users/Danutel/AppData/Local/UnrealEngine/4.10/DerivedDataCache/Boot.ddc.
[2016.02.27-11.50.05:891][  0]LogInit: Texture streaming: Enabled
[2016.02.27-11.50.05:896][  0]LogAnalytics: Creating configured Analytics provider AnalyticsET
[2016.02.27-11.50.05:896][  0]LogAnalytics: [UEEditor.Rocket.Release] APIServer = http://et2.epicgames.com/ET2/. AppVersion = 4.10.4-2872498+++depot+UE4-Releases+4.10
[2016.02.27-11.50.05:896][  0]LogAnalytics: [UEEditor.Rocket.Release] SetUserId d1017f354c01ff04684dfdb7d5179613|6cdf1eb6f6d34da6b26367dbea100d18|0e0f63b1-7aed-44cf-8f5f-7f1b4e4db42d
[2016.02.27-11.50.05:897][  0]LogAnalytics: [UEEditor.Rocket.Release] AnalyticsET::StartSession
[2016.02.27-11.50.05:906][  0]LogInit: Transaction tracking system initialized
[2016.02.27-11.50.05:936][  0]BlueprintLog: New page: Editor Load
[2016.02.27-11.50.06:221][  0]LocalizationService: Info Localization service is disabled
[2016.02.27-11.50.06:307][  0]LogConsoleResponse:Display: 
[2016.02.27-11.50.06:436][  0]LogCook:Display: Done creating registry. It took  0.00s.
[2016.02.27-11.50.06:507][  0]LogFileCache: Scanning file cache for directory 'D:/GitHub/mortiimati/EpiChase/Content/' took 0.01s
[2016.02.27-11.50.06:507][  0]SourceControl: Info Source control is disabled
[2016.02.27-11.50.06:507][  0]Cmd: MAP LOAD FILE="D:/GitHub/mortiimati/EpiChase/Content/ThirdPersonBP/Maps/ThirdPersonExampleMap.umap" TEMPLATE=0 SHOWPROGRESS=1 FEATURELEVEL=3
[2016.02.27-11.50.06:508][  0]LightingResults: New page: Lighting Build
[2016.02.27-11.50.06:511][  0]MapCheck: New page: Map Check
[2016.02.27-11.50.06:511][  0]LightingResults: New page: Lighting Build
[2016.02.27-11.50.06:530][  0]LogParticles: Destroying 0 GPU particle simulations for FXSystem 0x0000027E72D06AC0
[2016.02.27-11.50.07:136][  0]LogAIModule: Creating AISystem for world ThirdPersonExampleMap
[2016.02.27-11.50.07:145][  0]LogEditorServer: Finished looking for orphan Actors (0.000 secs)
[2016.02.27-11.50.07:146][  0]Cmd: MAP CHECKDEP NOCLEARLOG
[2016.02.27-11.50.07:214][  0]MapCheck: Info Map check complete: 0 Error(s), 0 Warning(s), took 68.17ms to complete.
[2016.02.27-11.50.07:214][  0]LogFileHelpers: Loading map 'ThirdPersonExampleMap' took 0.707
[2016.02.27-11.50.07:324][  0]LogCollectionManager: Loaded 0 collections in 0.001756 seconds
[2016.02.27-11.50.07:364][  0]LogFileCache: Scanning file cache for directory 'D:/GitHub/mortiimati/EpiChase/Saved/Collections/' took 0.01s
[2016.02.27-11.50.07:365][  0]LogFileCache: Scanning file cache for directory 'D:/GitHub/mortiimati/EpiChase/Content/Developers/Danutel/Collections/' took 0.01s
[2016.02.27-11.50.07:365][  0]LogFileCache: Scanning file cache for directory 'D:/GitHub/mortiimati/EpiChase/Content/Collections/' took 0.01s
[2016.02.27-11.50.07:365][  0]LogCollectionManager: Rebuilt the GUID cache for 0 collections in 0.000002 seconds
[2016.02.27-11.50.07:375][  0]LogContentBrowser: Native class hierarchy populated in 0.0099 seconds. Added 1893 classes and 338 folders.
[2016.02.27-11.50.07:381][  0]LogContentBrowser: Native class hierarchy updated for 'WidgetCarousel' in 0.0004 seconds. Added 0 classes and 0 folders.
[2016.02.27-11.50.07:472][  0]LogContentBrowser: Native class hierarchy updated for 'AddContentDialog' in 0.0004 seconds. Added 0 classes and 0 folders.
[2016.02.27-11.50.07:477][  0]LogContentBrowser: Native class hierarchy updated for 'SceneOutliner' in 0.0004 seconds. Added 1 classes and 2 folders.
[2016.02.27-11.50.07:502][  0]LogCrashTracker: Crashtracker disabled due to settings.
[2016.02.27-11.50.07:506][  0]LogUObjectGlobals:Warning: Failed to find object 'Class None.'
[2016.02.27-11.50.07:528][  0]LogLoad: Full Startup: 6.89 seconds (BP compile: 0.12 seconds)
[2016.02.27-11.50.07:542][  0]LogOcInput: Can't find Oculus library dev build: is proper Runtime installed? Version: 0.8.0.0
[2016.02.27-11.50.07:590][  0]LogContentStreaming: Texture pool size now 1000 MB
[2016.02.27-11.50.07:791][  0]LogRenderer: Reallocating scene render targets to support 956x456 (Frame:2).
[2016.02.27-11.50.08:135][  6]LogAssetRegistry: Asset discovery search completed in 3.1165 seconds
[2016.02.27-11.50.08:135][  6]LogCollectionManager: Rebuilt the object cache for 0 collections in 0.000002 seconds (found 0 objects)
[2016.02.27-11.50.08:135][  6]LogCollectionManager: Fixed up redirectors for 0 collections in 0.000027 seconds (updated 0 objects)
[2016.02.27-11.50.14:646][768]LogBlueprintUserMessages: Early PlayInEditor Detection: Level '/Game/ThirdPersonBP/Maps/ThirdPersonExampleMap.ThirdPersonExampleMap:PersistentLevel' has LevelScriptBlueprint '/Game/ThirdPersonBP/Maps/ThirdPersonExampleMap.ThirdPersonExampleMap:PersistentLevel.ThirdPersonExampleMap' with GeneratedClass '/Game/ThirdPersonBP/Maps/ThirdPersonExampleMap.ThirdPersonExampleMap_C' with ClassGeneratedBy '/Game/ThirdPersonBP/Maps/ThirdPersonExampleMap.ThirdPersonExampleMap:PersistentLevel.ThirdPersonExampleMap'
[2016.02.27-11.50.14:646][768]LogPlayLevel: PlayLevel: No blueprints needed recompiling
[2016.02.27-11.50.14:647][768]PIE: New page: PIE session: ThirdPersonExampleMap (Feb 27, 2016, 3:50:14 PM)
[2016.02.27-11.50.14:647][768]LogPlayLevel: Creating play world package: /Game/ThirdPersonBP/Maps/UEDPIE_0_ThirdPersonExampleMap
[2016.02.27-11.50.14:699][768]LogPlayLevel: PIE: StaticDuplicateObject took: (0.052700s)
[2016.02.27-11.50.14:701][768]LogAIModule: Creating AISystem for world ThirdPersonExampleMap
[2016.02.27-11.50.14:701][768]LogPlayLevel: PIE: World Init took: (0.001990s)
[2016.02.27-11.50.14:702][768]LogPlayLevel: PIE: Created PIE world by copying editor world from /Game/ThirdPersonBP/Maps/ThirdPersonExampleMap.ThirdPersonExampleMap to /Game/ThirdPersonBP/Maps/UEDPIE_0_ThirdPersonExampleMap.ThirdPersonExampleMap (0.055084s)
[2016.02.27-11.50.14:735][768]LogInit: XAudio2 using 'Headphone (VIA HD Audio)' : 2 channels at 48 kHz using 32 bits per sample (channel mask 0x3)
[2016.02.27-11.50.14:744][768]LogInit: FAudioDevice initialized.
[2016.02.27-11.50.14:801][768]LogWorld: Game class is 'ThirdPersonGameMode_C'
[2016.02.27-11.50.14:807][768]LogWorld: Bringing World /Game/ThirdPersonBP/Maps/UEDPIE_0_ThirdPersonExampleMap.ThirdPersonExampleMap up for play (max tick rate 0) at 2016.02.27-13.50.14
[2016.02.27-11.50.14:807][768]LogActor:Warning: GameSession /Game/ThirdPersonBP/Maps/UEDPIE_0_ThirdPersonExampleMap.ThirdPersonExampleMap:PersistentLevel.GameSession_0 has natively added scene component(s), but none of them were set as the actor's RootComponent - picking one arbitrarily
[2016.02.27-11.50.14:807][768]LogActor:Warning: GameNetworkManager /Game/ThirdPersonBP/Maps/UEDPIE_0_ThirdPersonExampleMap.ThirdPersonExampleMap:PersistentLevel.GameNetworkManager_0 has natively added scene component(s), but none of them were set as the actor's RootComponent - picking one arbitrarily
[2016.02.27-11.50.14:807][768]LogWorld: Bringing up level for play took: 0.004906
[2016.02.27-11.50.14:809][768]PIE: Info Play in editor start time for /Game/ThirdPersonBP/Maps/UEDPIE_0_ThirdPersonExampleMap -0.403
[2016.02.27-11.50.14:809][768]LogBlueprintUserMessages: Late PlayInEditor Detection: Level '/Game/ThirdPersonBP/Maps/ThirdPersonExampleMap.ThirdPersonExampleMap:PersistentLevel' has LevelScriptBlueprint '/Game/ThirdPersonBP/Maps/ThirdPersonExampleMap.ThirdPersonExampleMap:PersistentLevel.ThirdPersonExampleMap' with GeneratedClass '/Game/ThirdPersonBP/Maps/ThirdPersonExampleMap.ThirdPersonExampleMap_C' with ClassGeneratedBy '/Game/ThirdPersonBP/Maps/ThirdPersonExampleMap.ThirdPersonExampleMap:PersistentLevel.ThirdPersonExampleMap'
[2016.02.27-11.50.49:840][930]LogBlueprintUserMessages: Early EndPlayMap Detection: Level '/Game/ThirdPersonBP/Maps/ThirdPersonExampleMap.ThirdPersonExampleMap:PersistentLevel' has LevelScriptBlueprint '/Game/ThirdPersonBP/Maps/ThirdPersonExampleMap.ThirdPersonExampleMap:PersistentLevel.ThirdPersonExampleMap' with GeneratedClass '/Game/ThirdPersonBP/Maps/ThirdPersonExampleMap.ThirdPersonExampleMap_C' with ClassGeneratedBy '/Game/ThirdPersonBP/Maps/ThirdPersonExampleMap.ThirdPersonExampleMap:PersistentLevel.ThirdPersonExampleMap'
[2016.02.27-11.50.49:878][930]LogBlueprintUserMessages: Late EndPlayMap Detection: Level '/Game/ThirdPersonBP/Maps/ThirdPersonExampleMap.ThirdPersonExampleMap:PersistentLevel' has LevelScriptBlueprint '/Game/ThirdPersonBP/Maps/ThirdPersonExampleMap.ThirdPersonExampleMap:PersistentLevel.ThirdPersonExampleMap' with GeneratedClass '/Game/ThirdPersonBP/Maps/ThirdPersonExampleMap.ThirdPersonExampleMap_C' with ClassGeneratedBy '/Game/ThirdPersonBP/Maps/ThirdPersonExampleMap.ThirdPersonExampleMap:PersistentLevel.ThirdPersonExampleMap'
[2016.02.27-11.50.49:900][930]LogParticles: Destroying 0 GPU particle simulations for FXSystem 0x0000027E7E8CB740
[2016.02.27-11.51.02:203][288]LogLinker:Warning: Asset '../../../Engine/Content/ArtTools/RenderToTexture/Macros/RenderToTextureMacros.uasset' has been saved with empty engine version. The asset will be loaded but may be incompatible.
[2016.02.27-11.51.02:761][288]LogContentBrowser: Native class hierarchy updated for 'BlueprintGraph' in 0.0010 seconds. Added 107 classes and 0 folders.
[2016.02.27-11.51.15:716][129]LogActorComponent: UnregisterComponent: (/Engine/Transient.CharMoveComp) Not registered. Aborting.
[2016.02.27-11.51.18:336][303]LogActorComponent: UnregisterComponent: (/Engine/Transient.CharacterMovementComponent_0) Not registered. Aborting.
[2016.02.27-11.51.37:935][895]LogActorComponent: UnregisterComponent: (/Engine/Transient.CharacterMovementComponent_1) Not registered. Aborting.
[2016.02.27-11.51.41:758][204]Cmd: OBJ SAVEPACKAGE PACKAGE="/Game/ThirdPersonBP/Blueprints/ThirdPersonCharacter" FILE="D:/GitHub/mortiimati/EpiChase/Content/ThirdPersonBP/Blueprints/ThirdPersonCharacter.uasset" SILENT=true
[2016.02.27-11.51.41:824][204]LogSavePackage: Save=60.239563ms
[2016.02.27-11.51.41:824][204]LogSavePackage: Moving 'D:/GitHub/mortiimati/EpiChase/Saved/ThirdPersonCharacter3845E43A49F1D465FE7AD99C4438535E.tmp' to 'D:/GitHub/mortiimati/EpiChase/Content/ThirdPersonBP/Blueprints/ThirdPersonCharacter.uasset'
[2016.02.27-11.51.41:826][204]LogSavePackage: Total save time: 66.458974ms
[2016.02.27-11.51.41:826][204]LogSavePackage:Display: Finished SavePackage D:/GitHub/mortiimati/EpiChase/Content/ThirdPersonBP/Blueprints/ThirdPersonCharacter.uasset
[2016.02.27-11.51.42:795][287]BlueprintLog: New page: Compile ThirdPersonCharacter
[2016.02.27-11.51.42:856][287]LogActorComponent: UnregisterComponent: (/Engine/Transient.CharacterMovementComponent_2) Not registered. Aborting.
[2016.02.27-11.51.42:902][287]BlueprintEditorCompileResults: Info [0102.27] Compile