[2016.02.27-11.15.32:671][  0]Log file open, 02/27/16 13:15:32
[2016.02.27-11.15.32:671][  0]LogInit:Display: Running engine for game: EpiChase
[2016.02.27-11.15.32:671][  0]LogPlatformFile: Not using cached read wrapper
[2016.02.27-11.15.32:671][  0]LogInit:Display: RandInit(1545967726) SRandInit(1545967731).
[2016.02.27-11.15.32:671][  0]LogTaskGraph: Started task graph with 4 named threads and 7 total threads.
[2016.02.27-11.15.32:671][  0]LogStats: Stats thread started at 0.108213
[2016.02.27-11.15.32:671][  0]LogInit: Version: 4.10.3-2866931+++depot+UE4-Releases+4.10
[2016.02.27-11.15.32:671][  0]LogInit: API Version: 2758231
[2016.02.27-11.15.32:671][  0]LogInit: Compiled (64-bit): Feb 15 2016 08:20:45
[2016.02.27-11.15.32:671][  0]LogInit: Compiled with Visual C++: 19.00.23026.00
[2016.02.27-11.15.32:671][  0]LogInit: Build Configuration: Development
[2016.02.27-11.15.32:671][  0]LogInit: Branch Name: ++depot+UE4-Releases+4.10
[2016.02.27-11.15.32:671][  0]LogInit: Command line: -EpicPortal 
[2016.02.27-11.15.32:671][  0]LogInit: Base directory: C:/Program Files (x86)/Epic Games/4.10/Engine/Binaries/Win64/
[2016.02.27-11.15.32:671][  0]LogInit: Rocket: 1
[2016.02.27-11.15.32:686][  0]LogInit: Using libcurl 7.41.0
[2016.02.27-11.15.32:686][  0]LogInit:  - built for x86_64-pc-win32
[2016.02.27-11.15.32:686][  0]LogInit:  - supports SSL with WinSSL
[2016.02.27-11.15.32:686][  0]LogInit:  - other features:
[2016.02.27-11.15.32:686][  0]LogInit:      CURL_VERSION_SSL
[2016.02.27-11.15.32:686][  0]LogInit:      CURL_VERSION_IPV6
[2016.02.27-11.15.32:686][  0]LogInit:      CURL_VERSION_ASYNCHDNS
[2016.02.27-11.15.32:686][  0]LogInit:      CURL_VERSION_LARGEFILE
[2016.02.27-11.15.32:686][  0]LogInit:      CURL_VERSION_IDN
[2016.02.27-11.15.32:686][  0]LogInit:  CurlRequestOptions (configurable via config and command line):
[2016.02.27-11.15.32:686][  0]LogInit:  - bVerifyPeer = true  - Libcurl will verify peer certificate
[2016.02.27-11.15.32:686][  0]LogInit:  - bUseHttpProxy = false  - Libcurl will NOT use HTTP proxy
[2016.02.27-11.15.32:686][  0]LogInit:  - bDontReuseConnections = false  - Libcurl will reuse connections
[2016.02.27-11.15.32:686][  0]LogInit:  - CertBundlePath = nullptr  - Libcurl will use whatever was configured at build time.
[2016.02.27-11.15.32:701][  0]LogInit: Presizing for 0 objects not considered by GC, pre-allocating 0 bytes.
[2016.02.27-11.15.32:713][  0]LogInit: Object subsystem initialized
[2016.02.27-11.15.32:717][  0]LogInit: Selected Device Profile: [Windows]
[2016.02.27-11.15.32:717][  0]LogInit: Applying CVar settings loaded from the selected device profile: [Windows]
[2016.02.27-11.15.32:748][  0]LogInit: Computer: BULLDOG
[2016.02.27-11.15.32:748][  0]LogInit: User: Razvan
[2016.02.27-11.15.32:748][  0]LogInit: CPU Page size=4096, Cores=4
[2016.02.27-11.15.32:748][  0]LogInit: High frequency timer resolution =2.943070 MHz
[2016.02.27-11.15.32:748][  0]LogMemory: Memory total: Physical=8.0GB (8GB approx)
[2016.02.27-11.15.32:748][  0]LogMemory: Platform Memory Stats for Windows
[2016.02.27-11.15.32:748][  0]LogMemory: Process Physical Memory: 56.31 MB used, 56.31 MB peak
[2016.02.27-11.15.32:748][  0]LogMemory: Process Virtual Memory: 54.95 MB used, 54.95 MB peak
[2016.02.27-11.15.32:748][  0]LogMemory: Physical Memory: 4145.20 MB used, 8190.49 MB total
[2016.02.27-11.15.32:748][  0]LogMemory: Virtual Memory: 383.75 MB used, 134217728.00 MB total
[2016.02.27-11.15.32:799][  0]LogTextLocalizationManager: No specific translations for ('en-US') exist, so ('en') translations will be used.
[2016.02.27-11.15.33:510][  0]LogD3D11RHI: Found D3D11 adapter 0: NVIDIA GeForce GT 430 (Feature Level 11_0)
[2016.02.27-11.15.33:510][  0]LogD3D11RHI: Adapter has 979MB of dedicated video memory, 0MB of dedicated system memory, and 4095MB of shared system memory, 1 output[s]
[2016.02.27-11.15.33:513][  0]LogD3D11RHI: Found D3D11 adapter 1: Microsoft Basic Render Driver (Feature Level 11_0)
[2016.02.27-11.15.33:513][  0]LogD3D11RHI: Adapter has 0MB of dedicated video memory, 0MB of dedicated system memory, and 4095MB of shared system memory, 0 output[s]
[2016.02.27-11.15.33:514][  0]LogD3D11RHI: Chosen D3D11 Adapter Id = 0
[2016.02.27-11.15.33:521][  0]LogD3D11RHI: !Direct3DDevice
[2016.02.27-11.15.33:521][  0]LogRHI: Texture pool is 685 MB (70% of 979 MB)
[2016.02.27-11.15.33:551][  0]LogD3D11RHI: Async texture creation enabled
[2016.02.27-11.15.33:570][  0]LogShaderCompilers: Guid format shader working directory is 16 characters bigger than the processId version (D:/Proiecte/mortiimati/EpiChase/Intermediate/Shaders/WorkingDirectory/1340/).
[2016.02.27-11.15.33:570][  0]LogShaderCompilers: Cleaned the shader compiler working directory 'C:/Users/Razvan/AppData/Local/Temp/UnrealShaderWorkingDir/0C997D5E4616883D43AEE89B434E12C7/'.
[2016.02.27-11.15.33:571][  0]LogShaderCompilers:Display: Using Local Shader Compiler.
[2016.02.27-11.15.35:220][  0]LogTemp:Display: Loaded TP AllDesktopTargetPlatform
[2016.02.27-11.15.35:229][  0]LogTemp:Display: Loaded TP WindowsClientTargetPlatform
[2016.02.27-11.15.35:239][  0]LogTemp:Display: Loaded TP WindowsNoEditorTargetPlatform
[2016.02.27-11.15.35:247][  0]LogTemp:Display: Loaded TP WindowsServerTargetPlatform
[2016.02.27-11.15.35:256][  0]LogTemp:Display: Loaded TP WindowsTargetPlatform
[2016.02.27-11.15.35:261][  0]LogTemp:Display: Loaded TP AndroidTargetPlatform
[2016.02.27-11.15.35:267][  0]LogTemp:Display: Loaded TP Android_ASTCTargetPlatform
[2016.02.27-11.15.35:272][  0]LogTemp:Display: Loaded TP Android_ATCTargetPlatform
[2016.02.27-11.15.35:277][  0]LogTemp:Display: Loaded TP Android_DXTTargetPlatform
[2016.02.27-11.15.35:282][  0]LogTemp:Display: Loaded TP Android_ETC1TargetPlatform
[2016.02.27-11.15.35:288][  0]LogTemp:Display: Loaded TP Android_ETC2TargetPlatform
[2016.02.27-11.15.35:300][  0]LogTemp:Display: Loaded TP Android_MultiTargetPlatform
[2016.02.27-11.15.35:300][  0]LogTemp:Display: Loaded TP Android_PVRTCTargetPlatform
[2016.02.27-11.15.35:302][  0]LogTemp:Display: Loaded TP HTML5TargetPlatform
[2016.02.27-11.15.35:323][  0]LogTemp:Display: Loaded TP IOSTargetPlatform
[2016.02.27-11.15.35:328][  0]LogTemp:Display: Loaded TP LinuxNoEditorTargetPlatform
[2016.02.27-11.15.35:333][  0]LogTemp:Display: Loaded TP LinuxServerTargetPlatform
[2016.02.27-11.15.35:338][  0]LogTemp:Display: Loaded TP LinuxTargetPlatform
[2016.02.27-11.15.35:338][  0]LogTargetPlatformManager:Display: Building Assets For Windows
[2016.02.27-11.15.35:485][  0]LogDerivedDataCache:Display: Max Cache Size: 512 MB
[2016.02.27-11.15.35:606][  0]LogDerivedDataCache: Loaded boot cache 0.12s 41MB C:/Users/Razvan/AppData/Local/UnrealEngine/4.10/DerivedDataCache/Boot.ddc.
[2016.02.27-11.15.35:606][  0]LogDerivedDataCache:Display: Loaded Boot cache: C:/Users/Razvan/AppData/Local/UnrealEngine/4.10/DerivedDataCache/Boot.ddc
[2016.02.27-11.15.35:606][  0]LogDerivedDataCache: FDerivedDataBackendGraph:  Pak pak cache file D:/Proiecte/mortiimati/EpiChase/DerivedDataCache/DDC.ddp not found, will not use a pak cache.
[2016.02.27-11.15.35:606][  0]LogDerivedDataCache: Unable to find inner node Pak for hierarchical cache Hierarchy.
[2016.02.27-11.15.35:606][  0]LogDerivedDataCache: FDerivedDataBackendGraph:  CompressedPak pak cache file D:/Proiecte/mortiimati/EpiChase/DerivedDataCache/Compressed.ddp not found, will not use a pak cache.
[2016.02.27-11.15.35:606][  0]LogDerivedDataCache: Unable to find inner node CompressedPak for hierarchical cache Hierarchy.
[2016.02.27-11.15.35:711][  0]LogDerivedDataCache:Display: Pak cache opened for reading ../../../Engine/DerivedDataCache/Compressed.ddp.
[2016.02.27-11.15.35:723][  0]LogDerivedDataCache: Using Local data cache path C:/Users/Razvan/AppData/Local/UnrealEngine/Common/DerivedDataCache: Writable
[2016.02.27-11.15.36:033][  0]LogInit: Selected Device Profile: [Windows]
[2016.02.27-11.15.36:040][  0]LogContentStreaming: Texture pool size is 0.000000MB
[2016.02.27-11.15.36:235][  0]LogMeshUtilities: No automatic mesh reduction module available
[2016.02.27-11.15.36:235][  0]LogMeshUtilities: No automatic mesh merging module available
[2016.02.27-11.15.36:626][  0]LogInit: WinSock: version 1.1 (2.2), MaxSocks=32767, MaxUdp=65467
[2016.02.27-11.15.38:017][  0]UdpMessaging: Initializing bridge on interface 0.0.0.0:0 to multicast group 230.0.0.1:6666.
[2016.02.27-11.15.38:140][  0]LogAssetRegistry: FAssetRegistry took 0.0111 seconds to start up
[2016.02.27-11.15.38:437][  0]SourceControl: Info Source control is disabled
[2016.02.27-11.15.38:438][  0]SourceControl: Info Source control is disabled
[2016.02.27-11.15.38:459][  0]SourceControl: Info Source control is disabled
[2016.02.27-11.15.38:479][  0]SourceControl: Info Source control is disabled
[2016.02.27-11.15.39:044][  0]LogObj: 28633 objects as part of root set at end of initial load.
[2016.02.27-11.15.39:044][  0]LogUObjectAllocator: 6099752 out of 0 bytes used by permanent object pool.
[2016.02.27-11.15.39:136][  0]LogEngine: Initializing Engine...
[2016.02.27-11.15.39:141][  0]LogHMD: Can't find Oculus library dev build: is proper Runtime installed? Version: 0.8.0.0
[2016.02.27-11.15.39:142][  0]LogHMD: SteamVR failed to initialize.  Err: 110
[2016.02.27-11.15.39:357][  0]LogAIModule: Creating AISystem for world NewWorld
[2016.02.27-11.15.39:365][  0]LogInit: XAudio2 using 'Realtek Digital Output(Optical) (Realtek High Definition Audio)' : 2 channels at 48 kHz using 16 bits per sample (channel mask 0x3)
[2016.02.27-11.15.39:403][  0]LogInit: FAudioDevice initialized.
[2016.02.27-11.15.39:454][  0]LogDerivedDataCache: Saved boot cache 0.05s 41MB C:/Users/Razvan/AppData/Local/UnrealEngine/4.10/DerivedDataCache/Boot.ddc.
[2016.02.27-11.15.39:472][  0]LogInit: Texture streaming: Enabled
[2016.02.27-11.15.39:482][  0]LogAnalytics: Creating configured Analytics provider AnalyticsET
[2016.02.27-11.15.39:482][  0]LogAnalytics: [UEEditor.Rocket.Release] APIServer = http://et2.epicgames.com/ET2/. AppVersion = 4.10.3-2866931+++depot+UE4-Releases+4.10
[2016.02.27-11.15.39:482][  0]LogAnalytics: [UEEditor.Rocket.Release] SetUserId 87b2f0c4422f8f8164521183b5ce3abc|fcecc1e145324617802c33147963e336|4231377f-f75e-411c-885b-e4c4a6e4cf43
[2016.02.27-11.15.39:482][  0]LogAnalytics: [UEEditor.Rocket.Release] AnalyticsET::StartSession
[2016.02.27-11.15.39:496][  0]LogInit: Transaction tracking system initialized
[2016.02.27-11.15.39:554][  0]BlueprintLog: New page: Editor Load
[2016.02.27-11.15.40:134][  0]LocalizationService: Info Localization service is disabled
[2016.02.27-11.15.40:544][  0]LogConsoleResponse:Display: 
[2016.02.27-11.15.40:730][  0]LogCook:Display: Done creating registry. It took  0.00s.
[2016.02.27-11.15.40:865][  0]LogFileCache: Scanning file cache for directory 'D:/Proiecte/mortiimati/EpiChase/Content/' took 0.01s
[2016.02.27-11.15.40:865][  0]SourceControl: Info Source control is disabled
[2016.02.27-11.15.40:868][  0]LogFactory: FactoryCreateBinary: PackFactory with PackFactory (0 0 C:/Program Files (x86)/Epic Games/4.10/FeaturePacks/StarterContent.upack)
[2016.02.27-11.15.40:880][  0]LogPackFactory: Finished extracting 8 files (including 0 errors).
[2016.02.27-11.15.40:883][  0]LogPackFactory: Copied "../../../Samples/StarterContent/Content/StarterContent/Architecture/Floor_400x400.uasset" to "D:/Proiecte/mortiimati/EpiChase/Content/StarterContent/Architecture/Floor_400x400.uasset"
[2016.02.27-11.15.40:884][  0]LogPackFactory: Copied "../../../Samples/StarterContent/Content/StarterContent/Architecture/Pillar_50x500.uasset" to "D:/Proiecte/mortiimati/EpiChase/Content/StarterContent/Architecture/Pillar_50x500.uasset"
[2016.02.27-11.15.40:887][  0]LogPackFactory: Copied "../../../Samples/StarterContent/Content/StarterContent/Architecture/SM_AssetPlatform.uasset" to "D:/Proiecte/mortiimati/EpiChase/Content/StarterContent/Architecture/SM_AssetPlatform.uasset"
[2016.02.27-11.15.40:903][  0]LogPackFactory: Copied "../../../Samples/StarterContent/Content/StarterContent/Architecture/Wall_400x200.uasset" to "D:/Proiecte/mortiimati/EpiChase/Content/StarterContent/Architecture/Wall_400x200.uasset"
[2016.02.27-11.15.40:904][  0]LogPackFactory: Copied "../../../Samples/StarterContent/Content/StarterContent/Architecture/Wall_400x300.uasset" to "D:/Proiecte/mortiimati/EpiChase/Content/StarterContent/Architecture/Wall_400x300.uasset"
[2016.02.27-11.15.40:906][  0]LogPackFactory: Copied "../../../Samples/StarterContent/Content/StarterContent/Architecture/Wall_400x400.uasset" to "D:/Proiecte/mortiimati/EpiChase/Content/StarterContent/Architecture/Wall_400x400.uasset"
[2016.02.27-11.15.40:907][  0]LogPackFactory: Copied "../../../Samples/StarterContent/Content/StarterContent/Architecture/Wall_500x500.uasset" to "D:/Proiecte/mortiimati/EpiChase/Content/StarterContent/Architecture/Wall_500x500.uasset"
[2016.02.27-11.15.40:908][  0]LogPackFactory: Copied "../../../Samples/StarterContent/Content/StarterContent/Architecture/Wall_Door_400x300.uasset" to "D:/Proiecte/mortiimati/EpiChase/Content/StarterContent/Architecture/Wall_Door_400x300.uasset"
[2016.02.27-11.15.40:909][  0]LogPackFactory: Copied "../../../Samples/StarterContent/Content/StarterContent/Architecture/Wall_Door_400x400.uasset" to "D:/Proiecte/mortiimati/EpiChase/Content/StarterContent/Architecture/Wall_Door_400x400.uasset"
[2016.02.27-11.15.40:910][  0]LogPackFactory: Copied "../../../Samples/StarterContent/Content/StarterContent/Architecture/Wall_Window_400x300.uasset" to "D:/Proiecte/mortiimati/EpiChase/Content/StarterContent/Architecture/Wall_Window_400x300.uasset"
[2016.02.27-11.15.40:911][  0]LogPackFactory: Copied "../../../Samples/StarterContent/Content/StarterContent/Architecture/Wall_Window_400x400.uasset" to "D:/Proiecte/mortiimati/EpiChase/Content/StarterContent/Architecture/Wall_Window_400x400.uasset"
[2016.02.27-11.15.40:913][  0]LogPackFactory: Copied "../../../Samples/StarterContent/Content/StarterContent/Audio/Collapse01.uasset" to "D:/Proiecte/mortiimati/EpiChase/Content/StarterContent/Audio/Collapse01.uasset"
[2016.02.27-11.15.40:914][  0]LogPackFactory: Copied "../../../Samples/StarterContent/Content/StarterContent/Audio/Collapse02.uasset" to "D:/Proiecte/mortiimati/EpiChase/Content/StarterContent/Audio/Collapse02.uasset"
[2016.02.27-11.15.40:915][  0]LogPackFactory: Copied "../../../Samples/StarterContent/Content/StarterContent/Audio/Collapse_Cue.uasset" to "D:/Proiecte/mortiimati/EpiChase/Content/StarterContent/Audio/Collapse_Cue.uasset"
[2016.02.27-11.15.40:917][  0]LogPackFactory: Copied "../../../Samples/StarterContent/Content/StarterContent/Audio/Explosion01.uasset" to "D:/Proiecte/mortiimati/EpiChase/Content/StarterContent/Audio/Explosion01.uasset"
[2016.02.27-11.15.40:920][  0]LogPackFactory: Copied "../../../Samples/StarterContent/Content/StarterContent/Audio/Explosion02.uasset" to "D:/Proiecte/mortiimati/EpiChase/Content/StarterContent/Audio/Explosion02.uasset"
[2016.02.27-11.15.40:921][  0]LogPackFactory: Copied "../../../Samples/StarterContent/Content/StarterContent/Audio/Explosion_Cue.uasset" to "D:/Proiecte/mortiimati/EpiChase/Content/StarterContent/Audio/Explosion_Cue.uasset"
[2016.02.27-11.15.40:923][  0]LogPackFactory: Copied "../../../Samples/StarterContent/Content/StarterContent/Audio/Fire01.uasset" to "D:/Proiecte/mortiimati/EpiChase/Content/StarterContent/Audio/Fire01.uasset"
[2016.02.27-11.15.40:925][  0]LogPackFactory: Copied "../../../Samples/StarterContent/Content/StarterContent/Audio/Fire01_Cue.uasset" to "D:/Proiecte/mortiimati/EpiChase/Content/StarterContent/Audio/Fire01_Cue.uasset"
[2016.02.27-11.15.40:927][  0]LogPackFactory: Copied "../../../Samples/StarterContent/Content/StarterContent/Audio/Fire_Sparks01.uasset" to "D:/Proiecte/mortiimati/EpiChase/Content/StarterContent/Audio/Fire_Sparks01.uasset"
[2016.02.27-11.15.40:928][  0]LogPackFactory: Copied "../../../Samples/StarterContent/Content/StarterContent/Audio/Fire_Sparks01_Cue.uasset" to "D:/Proiecte/mortiimati/EpiChase/Content/StarterContent/Audio/Fire_Sparks01_Cue.uasset"
[2016.02.27-11.15.40:930][  0]LogPackFactory: Copied "../../../Samples/StarterContent/Content/StarterContent/Audio/Light01.uasset" to "D:/Proiecte/mortiimati/EpiChase/Content/StarterContent/Audio/Light01.uasset"
[2016.02.27-11.15.40:931][  0]LogPackFactory: Copied "../../../Samples/StarterContent/Content/StarterContent/Audio/Light01_Cue.uasset" to "D:/Proiecte/mortiimati/EpiChase/Content/StarterContent/Audio/Light01_Cue.uasset"
[2016.02.27-11.15.40:933][  0]LogPackFactory: Copied "../../../Samples/StarterContent/Content/StarterContent/Audio/Light02.uasset" to "D:/Proiecte/mortiimati/EpiChase/Content/StarterContent/Audio/Light02.uasset"
[2016.02.27-11.15.40:934][  0]LogPackFactory: Copied "../../../Samples/StarterContent/Content/StarterContent/Audio/Light02_Cue.uasset" to "D:/Proiecte/mortiimati/EpiChase/Content/StarterContent/Audio/Light02_Cue.uasset"
[2016.02.27-11.15.40:936][  0]LogPackFactory: Copied "../../../Samples/StarterContent/Content/StarterContent/Audio/Smoke01.uasset" to "D:/Proiecte/mortiimati/EpiChase/Content/StarterContent/Audio/Smoke01.uasset"
[2016.02.27-11.15.40:938][  0]LogPackFactory: Copied "../../../Samples/StarterContent/Content/StarterContent/Audio/Smoke01_Cue.uasset" to "D:/Proiecte/mortiimati/EpiChase/Content/StarterContent/Audio/Smoke01_Cue.uasset"
[2016.02.27-11.15.40:939][  0]LogPackFactory: Copied "../../../Samples/StarterContent/Content/StarterContent/Audio/Starter_Background_Cue.uasset" to "D:/Proiecte/mortiimati/EpiChase/Content/StarterContent/Audio/Starter_Background_Cue.uasset"
[2016.02.27-11.15.40:945][  0]LogPackFactory: Copied "../../../Samples/StarterContent/Content/StarterContent/Audio/Starter_Birds01.uasset" to "D:/Proiecte/mortiimati/EpiChase/Content/StarterContent/Audio/Starter_Birds01.uasset"
[2016.02.27-11.15.40:964][  0]LogPackFactory: Copied "../../../Samples/StarterContent/Content/StarterContent/Audio/Starter_Music01.uasset" to "D:/Proiecte/mortiimati/EpiChase/Content/StarterContent/Audio/Starter_Music01.uasset"
[2016.02.27-11.15.40:965][  0]LogPackFactory: Copied "../../../Samples/StarterContent/Content/StarterContent/Audio/Starter_Music_Cue.uasset" to "D:/Proiecte/mortiimati/EpiChase/Content/StarterContent/Audio/Starter_Music_Cue.uasset"
[2016.02.27-11.15.40:972][  0]LogPackFactory: Copied "../../../Samples/StarterContent/Content/StarterContent/Audio/Starter_Wind05.uasset" to "D:/Proiecte/mortiimati/EpiChase/Content/StarterContent/Audio/Starter_Wind05.uasset"
[2016.02.27-11.15.40:978][  0]LogPackFactory: Copied "../../../Samples/StarterContent/Content/StarterContent/Audio/Starter_Wind06.uasset" to "D:/Proiecte/mortiimati/EpiChase/Content/StarterContent/Audio/Starter_Wind06.uasset"
[2016.02.27-11.15.40:981][  0]LogPackFactory: Copied "../../../Samples/StarterContent/Content/StarterContent/Audio/Steam01.uasset" to "D:/Proiecte/mortiimati/EpiChase/Content/StarterContent/Audio/Steam01.uasset"
[2016.02.27-11.15.40:982][  0]LogPackFactory: Copied "../../../Samples/StarterContent/Content/StarterContent/Audio/Steam01_Cue.uasset" to "D:/Proiecte/mortiimati/EpiChase/Content/StarterContent/Audio/Steam01_Cue.uasset"
[2016.02.27-11.15.40:983][  0]LogPackFactory: Copied "../../../Samples/StarterContent/Content/StarterContent/Blueprints/Blueprint_CeilingLight.uasset" to "D:/Proiecte/mortiimati/EpiChase/Content/StarterContent/Blueprints/Blueprint_CeilingLight.uasset"
[2016.02.27-11.15.40:984][  0]LogPackFactory: Copied "../../../Samples/StarterContent/Content/StarterContent/Blueprints/Blueprint_Effect_Explosion.uasset" to "D:/Proiecte/mortiimati/EpiChase/Content/StarterContent/Blueprints/Blueprint_Effect_Explosion.uasset"
[2016.02.27-11.15.40:985][  0]LogPackFactory: Copied "../../../Samples/StarterContent/Content/StarterContent/Blueprints/Blueprint_Effect_Fire.uasset" to "D:/Proiecte/mortiimati/EpiChase/Content/StarterContent/Blueprints/Blueprint_Effect_Fire.uasset"
[2016.02.27-11.15.40:987][  0]LogPackFactory: Copied "../../../Samples/StarterContent/Content/StarterContent/Blueprints/Blueprint_Effect_Smoke.uasset" to "D:/Proiecte/mortiimati/EpiChase/Content/StarterContent/Blueprints/Blueprint_Effect_Smoke.uasset"
[2016.02.27-11.15.40:989][  0]LogPackFactory: Copied "../../../Samples/StarterContent/Content/StarterContent/Blueprints/Blueprint_Effect_Sparks.uasset" to "D:/Proiecte/mortiimati/EpiChase/Content/StarterContent/Blueprints/Blueprint_Effect_Sparks.uasset"
[2016.02.27-11.15.40:990][  0]LogPackFactory: Copied "../../../Samples/StarterContent/Content/StarterContent/Blueprints/Blueprint_Effect_Steam.uasset" to "D:/Proiecte/mortiimati/EpiChase/Content/StarterContent/Blueprints/Blueprint_Effect_Steam.uasset"
[2016.02.27-11.15.40:991][  0]LogPackFactory: Copied "../../../Samples/StarterContent/Content/StarterContent/Blueprints/Blueprint_WallSconce.uasset" to "D:/Proiecte/mortiimati/EpiChase/Content/StarterContent/Blueprints/Blueprint_WallSconce.uasset"
[2016.02.27-11.15.40:992][  0]LogPackFactory: Copied "../../../Samples/StarterContent/Content/StarterContent/Blueprints/BP_LightStudio.uasset" to "D:/Proiecte/mortiimati/EpiChase/Content/StarterContent/Blueprints/BP_LightStudio.uasset"
[2016.02.27-11.15.40:994][  0]LogPackFactory: Copied "../../../Samples/StarterContent/Content/StarterContent/Blueprints/Assets/FogBrightnessLUT.uasset" to "D:/Proiecte/mortiimati/EpiChase/Content/StarterContent/Blueprints/Assets/FogBrightnessLUT.uasset"
[2016.02.27-11.15.40:995][  0]LogPackFactory: Copied "../../../Samples/StarterContent/Content/StarterContent/Blueprints/Assets/M_LightStage_Arrows.uasset" to "D:/Proiecte/mortiimati/EpiChase/Content/StarterContent/Blueprints/Assets/M_LightStage_Arrows.uasset"
[2016.02.27-11.15.40:996][  0]LogPackFactory: Copied "../../../Samples/StarterContent/Content/StarterContent/Blueprints/Assets/M_LightStage_Skybox_Black.uasset" to "D:/Proiecte/mortiimati/EpiChase/Content/StarterContent/Blueprints/Assets/M_LightStage_Skybox_Black.uasset"
[2016.02.27-11.15.40:997][  0]LogPackFactory: Copied "../../../Samples/StarterContent/Content/StarterContent/Blueprints/Assets/M_LightStage_Skybox_HDRI.uasset" to "D:/Proiecte/mortiimati/EpiChase/Content/StarterContent/Blueprints/Assets/M_LightStage_Skybox_HDRI.uasset"
[2016.02.27-11.15.40:999][  0]LogPackFactory: Copied "../../../Samples/StarterContent/Content/StarterContent/Blueprints/Assets/M_LightStage_Skybox_Master.uasset" to "D:/Proiecte/mortiimati/EpiChase/Content/StarterContent/Blueprints/Assets/M_LightStage_Skybox_Master.uasset"
[2016.02.27-11.15.41:002][  0]LogPackFactory: Copied "../../../Samples/StarterContent/Content/StarterContent/Blueprints/Assets/Skybox.uasset" to "D:/Proiecte/mortiimati/EpiChase/Content/StarterContent/Blueprints/Assets/Skybox.uasset"
[2016.02.27-11.15.41:005][  0]LogPackFactory: Copied "../../../Samples/StarterContent/Content/StarterContent/Blueprints/Assets/SM_Arrows.uasset" to "D:/Proiecte/mortiimati/EpiChase/Content/StarterContent/Blueprints/Assets/SM_Arrows.uasset"
[2016.02.27-11.15.41:006][  0]LogPackFactory: Copied "../../../Samples/StarterContent/Content/StarterContent/Blueprints/Assets/SunlightColorLUT.uasset" to "D:/Proiecte/mortiimati/EpiChase/Content/StarterContent/Blueprints/Assets/SunlightColorLUT.uasset"
[2016.02.27-11.15.41:146][  0]LogPackFactory: Copied "../../../Samples/StarterContent/Content/StarterContent/HDRI/HDRI_Epic_Courtyard_Daylight.uasset" to "D:/Proiecte/mortiimati/EpiChase/Content/StarterContent/HDRI/HDRI_Epic_Courtyard_Daylight.uasset"
[2016.02.27-11.15.41:147][  0]LogPackFactory: Copied "../../../Samples/StarterContent/Content/StarterContent/Maps/Advanced_Lighting.umap" to "D:/Proiecte/mortiimati/EpiChase/Content/StarterContent/Maps/Advanced_Lighting.umap"
[2016.02.27-11.15.41:152][  0]LogPackFactory: Copied "../../../Samples/StarterContent/Content/StarterContent/Maps/Minimal_Default.umap" to "D:/Proiecte/mortiimati/EpiChase/Content/StarterContent/Maps/Minimal_Default.umap"
[2016.02.27-11.15.41:187][  0]LogPackFactory: Copied "../../../Samples/StarterContent/Content/StarterContent/Maps/StarterMap.umap" to "D:/Proiecte/mortiimati/EpiChase/Content/StarterContent/Maps/StarterMap.umap"
[2016.02.27-11.15.41:189][  0]LogPackFactory: Copied "../../../Samples/StarterContent/Content/StarterContent/Materials/M_AssetPlatform.uasset" to "D:/Proiecte/mortiimati/EpiChase/Content/StarterContent/Materials/M_AssetPlatform.uasset"
[2016.02.27-11.15.41:190][  0]LogPackFactory: Copied "../../../Samples/StarterContent/Content/StarterContent/Materials/M_Basic_Floor.uasset" to "D:/Proiecte/mortiimati/EpiChase/Content/StarterContent/Materials/M_Basic_Floor.uasset"
[2016.02.27-11.15.41:191][  0]LogPackFactory: Copied "../../../Samples/StarterContent/Content/StarterContent/Materials/M_Basic_Wall.uasset" to "D:/Proiecte/mortiimati/EpiChase/Content/StarterContent/Materials/M_Basic_Wall.uasset"
[2016.02.27-11.15.41:193][  0]LogPackFactory: Copied "../../../Samples/StarterContent/Content/StarterContent/Materials/M_Brick_Clay_Beveled.uasset" to "D:/Proiecte/mortiimati/EpiChase/Content/StarterContent/Materials/M_Brick_Clay_Beveled.uasset"
[2016.02.27-11.15.41:194][  0]LogPackFactory: Copied "../../../Samples/StarterContent/Content/StarterContent/Materials/M_Brick_Clay_New.uasset" to "D:/Proiecte/mortiimati/EpiChase/Content/StarterContent/Materials/M_Brick_Clay_New.uasset"
[2016.02.27-11.15.41:196][  0]LogPackFactory: Copied "../../../Samples/StarterContent/Content/StarterContent/Materials/M_Brick_Clay_Old.uasset" to "D:/Proiecte/mortiimati/EpiChase/Content/StarterContent/Materials/M_Brick_Clay_Old.uasset"
[2016.02.27-11.15.41:197][  0]LogPackFactory: Copied "../../../Samples/StarterContent/Content/StarterContent/Materials/M_Brick_Cut_Stone.uasset" to "D:/Proiecte/mortiimati/EpiChase/Content/StarterContent/Materials/M_Brick_Cut_Stone.uasset"
[2016.02.27-11.15.41:199][  0]LogPackFactory: Copied "../../../Samples/StarterContent/Content/StarterContent/Materials/M_Brick_Hewn_Stone.uasset" to "D:/Proiecte/mortiimati/EpiChase/Content/StarterContent/Materials/M_Brick_Hewn_Stone.uasset"
[2016.02.27-11.15.41:201][  0]LogPackFactory: Copied "../../../Samples/StarterContent/Content/StarterContent/Materials/M_Ceramic_Tile_Checker.uasset" to "D:/Proiecte/mortiimati/EpiChase/Content/StarterContent/Materials/M_Ceramic_Tile_Checker.uasset"
[2016.02.27-11.15.41:203][  0]LogPackFactory: Copied "../../../Samples/StarterContent/Content/StarterContent/Materials/M_CobbleStone_Pebble.uasset" to "D:/Proiecte/mortiimati/EpiChase/Content/StarterContent/Materials/M_CobbleStone_Pebble.uasset"
[2016.02.27-11.15.41:205][  0]LogPackFactory: Copied "../../../Samples/StarterContent/Content/StarterContent/Materials/M_CobbleStone_Rough.uasset" to "D:/Proiecte/mortiimati/EpiChase/Content/StarterContent/Materials/M_CobbleStone_Rough.uasset"
[2016.02.27-11.15.41:207][  0]LogPackFactory: Copied "../../../Samples/StarterContent/Content/StarterContent/Materials/M_CobbleStone_Smooth.uasset" to "D:/Proiecte/mortiimati/EpiChase/Content/StarterContent/Materials/M_CobbleStone_Smooth.uasset"
[2016.02.27-11.15.41:208][  0]LogPackFactory: Copied "../../../Samples/StarterContent/Content/StarterContent/Materials/M_ColorGrid_LowSpec.uasset" to "D:/Proiecte/mortiimati/EpiChase/Content/StarterContent/Materials/M_ColorGrid_LowSpec.uasset"
[2016.02.27-11.15.41:209][  0]LogPackFactory: Copied "../../../Samples/StarterContent/Content/StarterContent/Materials/M_Concrete_Grime.uasset" to "D:/Proiecte/mortiimati/EpiChase/Content/StarterContent/Materials/M_Concrete_Grime.uasset"
[2016.02.27-11.15.41:210][  0]LogPackFactory: Copied "../../../Samples/StarterContent/Content/StarterContent/Materials/M_Concrete_Panels.uasset" to "D:/Proiecte/mortiimati/EpiChase/Content/StarterContent/Materials/M_Concrete_Panels.uasset"
[2016.02.27-11.15.41:212][  0]LogPackFactory: Copied "../../../Samples/StarterContent/Content/StarterContent/Materials/M_Concrete_Poured.uasset" to "D:/Proiecte/mortiimati/EpiChase/Content/StarterContent/Materials/M_Concrete_Poured.uasset"
[2016.02.27-11.15.41:213][  0]LogPackFactory: Copied "../../../Samples/StarterContent/Content/StarterContent/Materials/M_Concrete_Tiles.uasset" to "D:/Proiecte/mortiimati/EpiChase/Content/StarterContent/Materials/M_Concrete_Tiles.uasset"
[2016.02.27-11.15.41:214][  0]LogPackFactory: Copied "../../../Samples/StarterContent/Content/StarterContent/Materials/M_Glass.uasset" to "D:/Proiecte/mortiimati/EpiChase/Content/StarterContent/Materials/M_Glass.uasset"
[2016.02.27-11.15.41:215][  0]LogPackFactory: Copied "../../../Samples/StarterContent/Content/StarterContent/Materials/M_Ground_Grass.uasset" to "D:/Proiecte/mortiimati/EpiChase/Content/StarterContent/Materials/M_Ground_Grass.uasset"
[2016.02.27-11.15.41:217][  0]LogPackFactory: Copied "../../../Samples/StarterContent/Content/StarterContent/Materials/M_Ground_Gravel.uasset" to "D:/Proiecte/mortiimati/EpiChase/Content/StarterContent/Materials/M_Ground_Gravel.uasset"
[2016.02.27-11.15.41:218][  0]LogPackFactory: Copied "../../../Samples/StarterContent/Content/StarterContent/Materials/M_Ground_Moss.uasset" to "D:/Proiecte/mortiimati/EpiChase/Content/StarterContent/Materials/M_Ground_Moss.uasset"
[2016.02.27-11.15.41:219][  0]LogPackFactory: Copied "../../../Samples/StarterContent/Content/StarterContent/Materials/M_Metal_Brushed_Nickel.uasset" to "D:/Proiecte/mortiimati/EpiChase/Content/StarterContent/Materials/M_Metal_Brushed_Nickel.uasset"
[2016.02.27-11.15.41:220][  0]LogPackFactory: Copied "../../../Samples/StarterContent/Content/StarterContent/Materials/M_Metal_Burnished_Steel.uasset" to "D:/Proiecte/mortiimati/EpiChase/Content/StarterContent/Materials/M_Metal_Burnished_Steel.uasset"
[2016.02.27-11.15.41:221][  0]LogPackFactory: Copied "../../../Samples/StarterContent/Content/StarterContent/Materials/M_Metal_Chrome.uasset" to "D:/Proiecte/mortiimati/EpiChase/Content/StarterContent/Materials/M_Metal_Chrome.uasset"
[2016.02.27-11.15.41:222][  0]LogPackFactory: Copied "../../../Samples/StarterContent/Content/StarterContent/Materials/M_Metal_Copper.uasset" to "D:/Proiecte/mortiimati/EpiChase/Content/StarterContent/Materials/M_Metal_Copper.uasset"
[2016.02.27-11.15.41:223][  0]LogPackFactory: Copied "../../../Samples/StarterContent/Content/StarterContent/Materials/M_Metal_Gold.uasset" to "D:/Proiecte/mortiimati/EpiChase/Content/StarterContent/Materials/M_Metal_Gold.uasset"
[2016.02.27-11.15.41:224][  0]LogPackFactory: Copied "../../../Samples/StarterContent/Content/StarterContent/Materials/M_Metal_Rust.uasset" to "D:/Proiecte/mortiimati/EpiChase/Content/StarterContent/Materials/M_Metal_Rust.uasset"
[2016.02.27-11.15.41:226][  0]LogPackFactory: Copied "../../../Samples/StarterContent/Content/StarterContent/Materials/M_Metal_Steel.uasset" to "D:/Proiecte/mortiimati/EpiChase/Content/StarterContent/Materials/M_Metal_Steel.uasset"
[2016.02.27-11.15.41:227][  0]LogPackFactory: Copied "../../../Samples/StarterContent/Content/StarterContent/Materials/M_Rock_Basalt.uasset" to "D:/Proiecte/mortiimati/EpiChase/Content/StarterContent/Materials/M_Rock_Basalt.uasset"
[2016.02.27-11.15.41:228][  0]LogPackFactory: Copied "../../../Samples/StarterContent/Content/StarterContent/Materials/M_Rock_Marble_Polished.uasset" to "D:/Proiecte/mortiimati/EpiChase/Content/StarterContent/Materials/M_Rock_Marble_Polished.uasset"
[2016.02.27-11.15.41:229][  0]LogPackFactory: Copied "../../../Samples/StarterContent/Content/StarterContent/Materials/M_Rock_Sandstone.uasset" to "D:/Proiecte/mortiimati/EpiChase/Content/StarterContent/Materials/M_Rock_Sandstone.uasset"
[2016.02.27-11.15.41:231][  0]LogPackFactory: Copied "../../../Samples/StarterContent/Content/StarterContent/Materials/M_Rock_Slate.uasset" to "D:/Proiecte/mortiimati/EpiChase/Content/StarterContent/Materials/M_Rock_Slate.uasset"
[2016.02.27-11.15.41:232][  0]LogPackFactory: Copied "../../../Samples/StarterContent/Content/StarterContent/Materials/M_Tech_Checker_Dot.uasset" to "D:/Proiecte/mortiimati/EpiChase/Content/StarterContent/Materials/M_Tech_Checker_Dot.uasset"
[2016.02.27-11.15.41:233][  0]LogPackFactory: Copied "../../../Samples/StarterContent/Content/StarterContent/Materials/M_Tech_Hex_Tile.uasset" to "D:/Proiecte/mortiimati/EpiChase/Content/StarterContent/Materials/M_Tech_Hex_Tile.uasset"
[2016.02.27-11.15.41:234][  0]LogPackFactory: Copied "../../../Samples/StarterContent/Content/StarterContent/Materials/M_Tech_Hex_Tile_Pulse.uasset" to "D:/Proiecte/mortiimati/EpiChase/Content/StarterContent/Materials/M_Tech_Hex_Tile_Pulse.uasset"
[2016.02.27-11.15.41:235][  0]LogPackFactory: Copied "../../../Samples/StarterContent/Content/StarterContent/Materials/M_Tech_Panel.uasset" to "D:/Proiecte/mortiimati/EpiChase/Content/StarterContent/Materials/M_Tech_Panel.uasset"
[2016.02.27-11.15.41:236][  0]LogPackFactory: Copied "../../../Samples/StarterContent/Content/StarterContent/Materials/M_Water_Lake.uasset" to "D:/Proiecte/mortiimati/EpiChase/Content/StarterContent/Materials/M_Water_Lake.uasset"
[2016.02.27-11.15.41:237][  0]LogPackFactory: Copied "../../../Samples/StarterContent/Content/StarterContent/Materials/M_Water_Ocean.uasset" to "D:/Proiecte/mortiimati/EpiChase/Content/StarterContent/Materials/M_Water_Ocean.uasset"
[2016.02.27-11.15.41:238][  0]LogPackFactory: Copied "../../../Samples/StarterContent/Content/StarterContent/Materials/M_Wood_Floor_Walnut_Polished.uasset" to "D:/Proiecte/mortiimati/EpiChase/Content/StarterContent/Materials/M_Wood_Floor_Walnut_Polished.uasset"
[2016.02.27-11.15.41:239][  0]LogPackFactory: Copied "../../../Samples/StarterContent/Content/StarterContent/Materials/M_Wood_Floor_Walnut_Worn.uasset" to "D:/Proiecte/mortiimati/EpiChase/Content/StarterContent/Materials/M_Wood_Floor_Walnut_Worn.uasset"
[2016.02.27-11.15.41:240][  0]LogPackFactory: Copied "../../../Samples/StarterContent/Content/StarterContent/Materials/M_Wood_Oak.uasset" to "D:/Proiecte/mortiimati/EpiChase/Content/StarterContent/Materials/M_Wood_Oak.uasset"
[2016.02.27-11.15.41:242][  0]LogPackFactory: Copied "../../../Samples/StarterContent/Content/StarterContent/Materials/M_Wood_Pine.uasset" to "D:/Proiecte/mortiimati/EpiChase/Content/StarterContent/Materials/M_Wood_Pine.uasset"
[2016.02.27-11.15.41:243][  0]LogPackFactory: Copied "../../../Samples/StarterContent/Content/StarterContent/Materials/M_Wood_Walnut.uasset" to "D:/Proiecte/mortiimati/EpiChase/Content/StarterContent/Materials/M_Wood_Walnut.uasset"
[2016.02.27-11.15.41:244][  0]LogPackFactory: Copied "../../../Samples/StarterContent/Content/StarterContent/Particles/P_Ambient_Dust.uasset" to "D:/Proiecte/mortiimati/EpiChase/Content/StarterContent/Particles/P_Ambient_Dust.uasset"
[2016.02.27-11.15.41:246][  0]LogPackFactory: Copied "../../../Samples/StarterContent/Content/StarterContent/Particles/P_Explosion.uasset" to "D:/Proiecte/mortiimati/EpiChase/Content/StarterContent/Particles/P_Explosion.uasset"
[2016.02.27-11.15.41:247][  0]LogPackFactory: Copied "../../../Samples/StarterContent/Content/StarterContent/Particles/P_Fire.uasset" to "D:/Proiecte/mortiimati/EpiChase/Content/StarterContent/Particles/P_Fire.uasset"
[2016.02.27-11.15.41:248][  0]LogPackFactory: Copied "../../../Samples/StarterContent/Content/StarterContent/Particles/P_Smoke.uasset" to "D:/Proiecte/mortiimati/EpiChase/Content/StarterContent/Particles/P_Smoke.uasset"
[2016.02.27-11.15.41:249][  0]LogPackFactory: Copied "../../../Samples/StarterContent/Content/StarterContent/Particles/P_Sparks.uasset" to "D:/Proiecte/mortiimati/EpiChase/Content/StarterContent/Particles/P_Sparks.uasset"
[2016.02.27-11.15.41:251][  0]LogPackFactory: Copied "../../../Samples/StarterContent/Content/StarterContent/Particles/P_Steam_Lit.uasset" to "D:/Proiecte/mortiimati/EpiChase/Content/StarterContent/Particles/P_Steam_Lit.uasset"
[2016.02.27-11.15.41:253][  0]LogPackFactory: Copied "../../../Samples/StarterContent/Content/StarterContent/Particles/Materials/M_Burst.uasset" to "D:/Proiecte/mortiimati/EpiChase/Content/StarterContent/Particles/Materials/M_Burst.uasset"
[2016.02.27-11.15.41:278][  0]LogPackFactory: Copied "../../../Samples/StarterContent/Content/StarterContent/Particles/Materials/M_Dust_Particle.uasset" to "D:/Proiecte/mortiimati/EpiChase/Content/StarterContent/Particles/Materials/M_Dust_Particle.uasset"
[2016.02.27-11.15.41:279][  0]LogPackFactory: Copied "../../../Samples/StarterContent/Content/StarterContent/Particles/Materials/M_explosion_subUV.uasset" to "D:/Proiecte/mortiimati/EpiChase/Content/StarterContent/Particles/Materials/M_explosion_subUV.uasset"
[2016.02.27-11.15.41:280][  0]LogPackFactory: Copied "../../../Samples/StarterContent/Content/StarterContent/Particles/Materials/M_Fire_SubUV.uasset" to "D:/Proiecte/mortiimati/EpiChase/Content/StarterContent/Particles/Materials/M_Fire_SubUV.uasset"
[2016.02.27-11.15.41:281][  0]LogPackFactory: Copied "../../../Samples/StarterContent/Content/StarterContent/Particles/Materials/m_flare_01.uasset" to "D:/Proiecte/mortiimati/EpiChase/Content/StarterContent/Particles/Materials/m_flare_01.uasset"
[2016.02.27-11.15.41:285][  0]LogPackFactory: Copied "../../../Samples/StarterContent/Content/StarterContent/Particles/Materials/M_Heat_Distortion.uasset" to "D:/Proiecte/mortiimati/EpiChase/Content/StarterContent/Particles/Materials/M_Heat_Distortion.uasset"
[2016.02.27-11.15.41:287][  0]LogPackFactory: Copied "../../../Samples/StarterContent/Content/StarterContent/Particles/Materials/M_Radial_Gradient.uasset" to "D:/Proiecte/mortiimati/EpiChase/Content/StarterContent/Particles/Materials/M_Radial_Gradient.uasset"
[2016.02.27-11.15.41:288][  0]LogPackFactory: Copied "../../../Samples/StarterContent/Content/StarterContent/Particles/Materials/M_radial_ramp.uasset" to "D:/Proiecte/mortiimati/EpiChase/Content/StarterContent/Particles/Materials/M_radial_ramp.uasset"
[2016.02.27-11.15.41:289][  0]LogPackFactory: Copied "../../../Samples/StarterContent/Content/StarterContent/Particles/Materials/M_smoke_subUV.uasset" to "D:/Proiecte/mortiimati/EpiChase/Content/StarterContent/Particles/Materials/M_smoke_subUV.uasset"
[2016.02.27-11.15.41:290][  0]LogPackFactory: Copied "../../../Samples/StarterContent/Content/StarterContent/Particles/Materials/M_Spark.uasset" to "D:/Proiecte/mortiimati/EpiChase/Content/StarterContent/Particles/Materials/M_Spark.uasset"
[2016.02.27-11.15.41:292][  0]LogPackFactory: Copied "../../../Samples/StarterContent/Content/StarterContent/Props/MaterialSphere.uasset" to "D:/Proiecte/mortiimati/EpiChase/Content/StarterContent/Props/MaterialSphere.uasset"
[2016.02.27-11.15.41:293][  0]LogPackFactory: Copied "../../../Samples/StarterContent/Content/StarterContent/Props/SM_Bush.uasset" to "D:/Proiecte/mortiimati/EpiChase/Content/StarterContent/Props/SM_Bush.uasset"
[2016.02.27-11.15.41:294][  0]LogPackFactory: Copied "../../../Samples/StarterContent/Content/StarterContent/Props/SM_Chair.uasset" to "D:/Proiecte/mortiimati/EpiChase/Content/StarterContent/Props/SM_Chair.uasset"
[2016.02.27-11.15.41:296][  0]LogPackFactory: Copied "../../../Samples/StarterContent/Content/StarterContent/Props/SM_CornerFrame.uasset" to "D:/Proiecte/mortiimati/EpiChase/Content/StarterContent/Props/SM_CornerFrame.uasset"
[2016.02.27-11.15.41:297][  0]LogPackFactory: Copied "../../../Samples/StarterContent/Content/StarterContent/Props/SM_Couch.uasset" to "D:/Proiecte/mortiimati/EpiChase/Content/StarterContent/Props/SM_Couch.uasset"
[2016.02.27-11.15.41:300][  0]LogPackFactory: Copied "../../../Samples/StarterContent/Content/StarterContent/Props/SM_Door.uasset" to "D:/Proiecte/mortiimati/EpiChase/Content/StarterContent/Props/SM_Door.uasset"
[2016.02.27-11.15.41:302][  0]LogPackFactory: Copied "../../../Samples/StarterContent/Content/StarterContent/Props/SM_DoorFrame.uasset" to "D:/Proiecte/mortiimati/EpiChase/Content/StarterContent/Props/SM_DoorFrame.uasset"
[2016.02.27-11.15.41:303][  0]LogPackFactory: Copied "../../../Samples/StarterContent/Content/StarterContent/Props/SM_GlassWindow.uasset" to "D:/Proiecte/mortiimati/EpiChase/Content/StarterContent/Props/SM_GlassWindow.uasset"
[2016.02.27-11.15.41:305][  0]LogPackFactory: Copied "../../../Samples/StarterContent/Content/StarterContent/Props/SM_Lamp_Ceiling.uasset" to "D:/Proiecte/mortiimati/EpiChase/Content/StarterContent/Props/SM_Lamp_Ceiling.uasset"
[2016.02.27-11.15.41:306][  0]LogPackFactory: Copied "../../../Samples/StarterContent/Content/StarterContent/Props/SM_Lamp_Wall.uasset" to "D:/Proiecte/mortiimati/EpiChase/Content/StarterContent/Props/SM_Lamp_Wall.uasset"
[2016.02.27-11.15.41:312][  0]LogPackFactory: Copied "../../../Samples/StarterContent/Content/StarterContent/Props/SM_MatPreviewMesh_02.uasset" to "D:/Proiecte/mortiimati/EpiChase/Content/StarterContent/Props/SM_MatPreviewMesh_02.uasset"
[2016.02.27-11.15.41:314][  0]LogPackFactory: Copied "../../../Samples/StarterContent/Content/StarterContent/Props/SM_PillarFrame.uasset" to "D:/Proiecte/mortiimati/EpiChase/Content/StarterContent/Props/SM_PillarFrame.uasset"
[2016.02.27-11.15.41:315][  0]LogPackFactory: Copied "../../../Samples/StarterContent/Content/StarterContent/Props/SM_PillarFrame300.uasset" to "D:/Proiecte/mortiimati/EpiChase/Content/StarterContent/Props/SM_PillarFrame300.uasset"
[2016.02.27-11.15.41:316][  0]LogPackFactory: Copied "../../../Samples/StarterContent/Content/StarterContent/Props/SM_Rock.uasset" to "D:/Proiecte/mortiimati/EpiChase/Content/StarterContent/Props/SM_Rock.uasset"
[2016.02.27-11.15.41:318][  0]LogPackFactory: Copied "../../../Samples/StarterContent/Content/StarterContent/Props/SM_Shelf.uasset" to "D:/Proiecte/mortiimati/EpiChase/Content/StarterContent/Props/SM_Shelf.uasset"
[2016.02.27-11.15.41:319][  0]LogPackFactory: Copied "../../../Samples/StarterContent/Content/StarterContent/Props/SM_Stairs.uasset" to "D:/Proiecte/mortiimati/EpiChase/Content/StarterContent/Props/SM_Stairs.uasset"
[2016.02.27-11.15.41:322][  0]LogPackFactory: Copied "../../../Samples/StarterContent/Content/StarterContent/Props/SM_Statue.uasset" to "D:/Proiecte/mortiimati/EpiChase/Content/StarterContent/Props/SM_Statue.uasset"
[2016.02.27-11.15.41:325][  0]LogPackFactory: Copied "../../../Samples/StarterContent/Content/StarterContent/Props/SM_TableRound.uasset" to "D:/Proiecte/mortiimati/EpiChase/Content/StarterContent/Props/SM_TableRound.uasset"
[2016.02.27-11.15.41:326][  0]LogPackFactory: Copied "../../../Samples/StarterContent/Content/StarterContent/Props/SM_WindowFrame.uasset" to "D:/Proiecte/mortiimati/EpiChase/Content/StarterContent/Props/SM_WindowFrame.uasset"
[2016.02.27-11.15.41:328][  0]LogPackFactory: Copied "../../../Samples/StarterContent/Content/StarterContent/Props/Materials/M_Bush.uasset" to "D:/Proiecte/mortiimati/EpiChase/Content/StarterContent/Props/Materials/M_Bush.uasset"
[2016.02.27-11.15.41:329][  0]LogPackFactory: Copied "../../../Samples/StarterContent/Content/StarterContent/Props/Materials/M_Chair.uasset" to "D:/Proiecte/mortiimati/EpiChase/Content/StarterContent/Props/Materials/M_Chair.uasset"
[2016.02.27-11.15.41:331][  0]LogPackFactory: Copied "../../../Samples/StarterContent/Content/StarterContent/Props/Materials/M_Door.uasset" to "D:/Proiecte/mortiimati/EpiChase/Content/StarterContent/Props/Materials/M_Door.uasset"
[2016.02.27-11.15.41:333][  0]LogPackFactory: Copied "../../../Samples/StarterContent/Content/StarterContent/Props/Materials/M_Frame.uasset" to "D:/Proiecte/mortiimati/EpiChase/Content/StarterContent/Props/Materials/M_Frame.uasset"
[2016.02.27-11.15.41:335][  0]LogPackFactory: Copied "../../../Samples/StarterContent/Content/StarterContent/Props/Materials/M_Lamp.uasset" to "D:/Proiecte/mortiimati/EpiChase/Content/StarterContent/Props/Materials/M_Lamp.uasset"
[2016.02.27-11.15.41:337][  0]LogPackFactory: Copied "../../../Samples/StarterContent/Content/StarterContent/Props/Materials/M_MaterialSphere.uasset" to "D:/Proiecte/mortiimati/EpiChase/Content/StarterContent/Props/Materials/M_MaterialSphere.uasset"
[2016.02.27-11.15.41:338][  0]LogPackFactory: Copied "../../../Samples/StarterContent/Content/StarterContent/Props/Materials/M_MaterialSphere_Plain.uasset" to "D:/Proiecte/mortiimati/EpiChase/Content/StarterContent/Props/Materials/M_MaterialSphere_Plain.uasset"
[2016.02.27-11.15.41:339][  0]LogPackFactory: Copied "../../../Samples/StarterContent/Content/StarterContent/Props/Materials/M_Rock.uasset" to "D:/Proiecte/mortiimati/EpiChase/Content/StarterContent/Props/Materials/M_Rock.uasset"
[2016.02.27-11.15.41:341][  0]LogPackFactory: Copied "../../../Samples/StarterContent/Content/StarterContent/Props/Materials/M_Shelf.uasset" to "D:/Proiecte/mortiimati/EpiChase/Content/StarterContent/Props/Materials/M_Shelf.uasset"
[2016.02.27-11.15.41:342][  0]LogPackFactory: Copied "../../../Samples/StarterContent/Content/StarterContent/Props/Materials/M_Statue.uasset" to "D:/Proiecte/mortiimati/EpiChase/Content/StarterContent/Props/Materials/M_Statue.uasset"
[2016.02.27-11.15.41:343][  0]LogPackFactory: Copied "../../../Samples/StarterContent/Content/StarterContent/Props/Materials/M_StatueGlass.uasset" to "D:/Proiecte/mortiimati/EpiChase/Content/StarterContent/Props/Materials/M_StatueGlass.uasset"
[2016.02.27-11.15.41:344][  0]LogPackFactory: Copied "../../../Samples/StarterContent/Content/StarterContent/Props/Materials/M_TableRound.uasset" to "D:/Proiecte/mortiimati/EpiChase/Content/StarterContent/Props/Materials/M_TableRound.uasset"
[2016.02.27-11.15.41:345][  0]LogPackFactory: Copied "../../../Samples/StarterContent/Content/StarterContent/Shapes/Shape_Cone.uasset" to "D:/Proiecte/mortiimati/EpiChase/Content/StarterContent/Shapes/Shape_Cone.uasset"
[2016.02.27-11.15.41:347][  0]LogPackFactory: Copied "../../../Samples/StarterContent/Content/StarterContent/Shapes/Shape_Cube.uasset" to "D:/Proiecte/mortiimati/EpiChase/Content/StarterContent/Shapes/Shape_Cube.uasset"
[2016.02.27-11.15.41:349][  0]LogPackFactory: Copied "../../../Samples/StarterContent/Content/StarterContent/Shapes/Shape_Cylinder.uasset" to "D:/Proiecte/mortiimati/EpiChase/Content/StarterContent/Shapes/Shape_Cylinder.uasset"
[2016.02.27-11.15.41:350][  0]LogPackFactory: Copied "../../../Samples/StarterContent/Content/StarterContent/Shapes/Shape_NarrowCapsule.uasset" to "D:/Proiecte/mortiimati/EpiChase/Content/StarterContent/Shapes/Shape_NarrowCapsule.uasset"
[2016.02.27-11.15.41:351][  0]LogPackFactory: Copied "../../../Samples/StarterContent/Content/StarterContent/Shapes/Shape_Pipe.uasset" to "D:/Proiecte/mortiimati/EpiChase/Content/StarterContent/Shapes/Shape_Pipe.uasset"
[2016.02.27-11.15.41:354][  0]LogPackFactory: Copied "../../../Samples/StarterContent/Content/StarterContent/Shapes/Shape_Pipe_180.uasset" to "D:/Proiecte/mortiimati/EpiChase/Content/StarterContent/Shapes/Shape_Pipe_180.uasset"
[2016.02.27-11.15.41:356][  0]LogPackFactory: Copied "../../../Samples/StarterContent/Content/StarterContent/Shapes/Shape_Pipe_90.uasset" to "D:/Proiecte/mortiimati/EpiChase/Content/StarterContent/Shapes/Shape_Pipe_90.uasset"
[2016.02.27-11.15.41:357][  0]LogPackFactory: Copied "../../../Samples/StarterContent/Content/StarterContent/Shapes/Shape_Plane.uasset" to "D:/Proiecte/mortiimati/EpiChase/Content/StarterContent/Shapes/Shape_Plane.uasset"
[2016.02.27-11.15.41:358][  0]LogPackFactory: Copied "../../../Samples/StarterContent/Content/StarterContent/Shapes/Shape_QuadPyramid.uasset" to "D:/Proiecte/mortiimati/EpiChase/Content/StarterContent/Shapes/Shape_QuadPyramid.uasset"
[2016.02.27-11.15.41:360][  0]LogPackFactory: Copied "../../../Samples/StarterContent/Content/StarterContent/Shapes/Shape_Sphere.uasset" to "D:/Proiecte/mortiimati/EpiChase/Content/StarterContent/Shapes/Shape_Sphere.uasset"
[2016.02.27-11.15.41:362][  0]LogPackFactory: Copied "../../../Samples/StarterContent/Content/StarterContent/Shapes/Shape_Torus.uasset" to "D:/Proiecte/mortiimati/EpiChase/Content/StarterContent/Shapes/Shape_Torus.uasset"
[2016.02.27-11.15.41:364][  0]LogPackFactory: Copied "../../../Samples/StarterContent/Content/StarterContent/Shapes/Shape_Trim.uasset" to "D:/Proiecte/mortiimati/EpiChase/Content/StarterContent/Shapes/Shape_Trim.uasset"
[2016.02.27-11.15.41:365][  0]LogPackFactory: Copied "../../../Samples/StarterContent/Content/StarterContent/Shapes/Shape_Trim_90_In.uasset" to "D:/Proiecte/mortiimati/EpiChase/Content/StarterContent/Shapes/Shape_Trim_90_In.uasset"
[2016.02.27-11.15.41:366][  0]LogPackFactory: Copied "../../../Samples/StarterContent/Content/StarterContent/Shapes/Shape_Trim_90_Out.uasset" to "D:/Proiecte/mortiimati/EpiChase/Content/StarterContent/Shapes/Shape_Trim_90_Out.uasset"
[2016.02.27-11.15.41:367][  0]LogPackFactory: Copied "../../../Samples/StarterContent/Content/StarterContent/Shapes/Shape_TriPyramid.uasset" to "D:/Proiecte/mortiimati/EpiChase/Content/StarterContent/Shapes/Shape_TriPyramid.uasset"
[2016.02.27-11.15.41:369][  0]LogPackFactory: Copied "../../../Samples/StarterContent/Content/StarterContent/Shapes/Shape_Tube.uasset" to "D:/Proiecte/mortiimati/EpiChase/Content/StarterContent/Shapes/Shape_Tube.uasset"
[2016.02.27-11.15.41:370][  0]LogPackFactory: Copied "../../../Samples/StarterContent/Content/StarterContent/Shapes/Shape_Wedge_A.uasset" to "D:/Proiecte/mortiimati/EpiChase/Content/StarterContent/Shapes/Shape_Wedge_A.uasset"
[2016.02.27-11.15.41:372][  0]LogPackFactory: Copied "../../../Samples/StarterContent/Content/StarterContent/Shapes/Shape_Wedge_B.uasset" to "D:/Proiecte/mortiimati/EpiChase/Content/StarterContent/Shapes/Shape_Wedge_B.uasset"
[2016.02.27-11.15.41:374][  0]LogPackFactory: Copied "../../../Samples/StarterContent/Content/StarterContent/Shapes/Shape_WideCapsule.uasset" to "D:/Proiecte/mortiimati/EpiChase/Content/StarterContent/Shapes/Shape_WideCapsule.uasset"
[2016.02.27-11.15.41:393][  0]LogPackFactory: Copied "../../../Samples/StarterContent/Content/StarterContent/Textures/T_Brick_Clay_Beveled_D.uasset" to "D:/Proiecte/mortiimati/EpiChase/Content/StarterContent/Textures/T_Brick_Clay_Beveled_D.uasset"
[2016.02.27-11.15.41:415][  0]LogPackFactory: Copied "../../../Samples/StarterContent/Content/StarterContent/Textures/T_Brick_Clay_Beveled_M.uasset" to "D:/Proiecte/mortiimati/EpiChase/Content/StarterContent/Textures/T_Brick_Clay_Beveled_M.uasset"
[2016.02.27-11.15.41:431][  0]LogPackFactory: Copied "../../../Samples/StarterContent/Content/StarterContent/Textures/T_Brick_Clay_Beveled_N.uasset" to "D:/Proiecte/mortiimati/EpiChase/Content/StarterContent/Textures/T_Brick_Clay_Beveled_N.uasset"
[2016.02.27-11.15.41:445][  0]LogPackFactory: Copied "../../../Samples/StarterContent/Content/StarterContent/Textures/T_Brick_Clay_New_D.uasset" to "D:/Proiecte/mortiimati/EpiChase/Content/StarterContent/Textures/T_Brick_Clay_New_D.uasset"
[2016.02.27-11.15.41:465][  0]LogPackFactory: Copied "../../../Samples/StarterContent/Content/StarterContent/Textures/T_Brick_Clay_New_M.uasset" to "D:/Proiecte/mortiimati/EpiChase/Content/StarterContent/Textures/T_Brick_Clay_New_M.uasset"
[2016.02.27-11.15.41:483][  0]LogPackFactory: Copied "../../../Samples/StarterContent/Content/StarterContent/Textures/T_Brick_Clay_New_N.uasset" to "D:/Proiecte/mortiimati/EpiChase/Content/StarterContent/Textures/T_Brick_Clay_New_N.uasset"
[2016.02.27-11.15.41:506][  0]LogPackFactory: Copied "../../../Samples/StarterContent/Content/StarterContent/Textures/T_Brick_Clay_Old_D.uasset" to "D:/Proiecte/mortiimati/EpiChase/Content/StarterContent/Textures/T_Brick_Clay_Old_D.uasset"
[2016.02.27-11.15.41:523][  0]LogPackFactory: Copied "../../../Samples/StarterContent/Content/StarterContent/Textures/T_Brick_Clay_Old_N.uasset" to "D:/Proiecte/mortiimati/EpiChase/Content/StarterContent/Textures/T_Brick_Clay_Old_N.uasset"
[2016.02.27-11.15.41:552][  0]LogPackFactory: Copied "../../../Samples/StarterContent/Content/StarterContent/Textures/T_Brick_Cut_Stone_D.uasset" to "D:/Proiecte/mortiimati/EpiChase/Content/StarterContent/Textures/T_Brick_Cut_Stone_D.uasset"
[2016.02.27-11.15.41:568][  0]LogPackFactory: Copied "../../../Samples/StarterContent/Content/StarterContent/Textures/T_Brick_Cut_Stone_N.uasset" to "D:/Proiecte/mortiimati/EpiChase/Content/StarterContent/Textures/T_Brick_Cut_Stone_N.uasset"
[2016.02.27-11.15.41:586][  0]LogPackFactory: Copied "../../../Samples/StarterContent/Content/StarterContent/Textures/T_Brick_Hewn_Stone_D.uasset" to "D:/Proiecte/mortiimati/EpiChase/Content/StarterContent/Textures/T_Brick_Hewn_Stone_D.uasset"
[2016.02.27-11.15.41:602][  0]LogPackFactory: Copied "../../../Samples/StarterContent/Content/StarterContent/Textures/T_Brick_Hewn_Stone_M.uasset" to "D:/Proiecte/mortiimati/EpiChase/Content/StarterContent/Textures/T_Brick_Hewn_Stone_M.uasset"
[2016.02.27-11.15.41:623][  0]LogPackFactory: Copied "../../../Samples/StarterContent/Content/StarterContent/Textures/T_Brick_Hewn_Stone_N.uasset" to "D:/Proiecte/mortiimati/EpiChase/Content/StarterContent/Textures/T_Brick_Hewn_Stone_N.uasset"
[2016.02.27-11.15.41:624][  0]LogPackFactory: Copied "../../../Samples/StarterContent/Content/StarterContent/Textures/T_Burst_M.uasset" to "D:/Proiecte/mortiimati/EpiChase/Content/StarterContent/Textures/T_Burst_M.uasset"
[2016.02.27-11.15.41:627][  0]LogPackFactory: Copied "../../../Samples/StarterContent/Content/StarterContent/Textures/T_Bush_D.uasset" to "D:/Proiecte/mortiimati/EpiChase/Content/StarterContent/Textures/T_Bush_D.uasset"
[2016.02.27-11.15.41:632][  0]LogPackFactory: Copied "../../../Samples/StarterContent/Content/StarterContent/Textures/T_Bush_N.uasset" to "D:/Proiecte/mortiimati/EpiChase/Content/StarterContent/Textures/T_Bush_N.uasset"
[2016.02.27-11.15.41:634][  0]LogPackFactory: Copied "../../../Samples/StarterContent/Content/StarterContent/Textures/T_Ceramic_Tile_M.uasset" to "D:/Proiecte/mortiimati/EpiChase/Content/StarterContent/Textures/T_Ceramic_Tile_M.uasset"
[2016.02.27-11.15.41:635][  0]LogPackFactory: Copied "../../../Samples/StarterContent/Content/StarterContent/Textures/T_Ceramic_Tile_N.uasset" to "D:/Proiecte/mortiimati/EpiChase/Content/StarterContent/Textures/T_Ceramic_Tile_N.uasset"
[2016.02.27-11.15.41:638][  0]LogPackFactory: Copied "../../../Samples/StarterContent/Content/StarterContent/Textures/T_Chair_M.uasset" to "D:/Proiecte/mortiimati/EpiChase/Content/StarterContent/Textures/T_Chair_M.uasset"
[2016.02.27-11.15.41:643][  0]LogPackFactory: Copied "../../../Samples/StarterContent/Content/StarterContent/Textures/T_Chair_N.uasset" to "D:/Proiecte/mortiimati/EpiChase/Content/StarterContent/Textures/T_Chair_N.uasset"
[2016.02.27-11.15.41:645][  0]LogPackFactory: Copied "../../../Samples/StarterContent/Content/StarterContent/Textures/T_Checker_Noise_M.uasset" to "D:/Proiecte/mortiimati/EpiChase/Content/StarterContent/Textures/T_Checker_Noise_M.uasset"
[2016.02.27-11.15.41:674][  0]LogPackFactory: Copied "../../../Samples/StarterContent/Content/StarterContent/Textures/T_CobbleStone_Pebble_D.uasset" to "D:/Proiecte/mortiimati/EpiChase/Content/StarterContent/Textures/T_CobbleStone_Pebble_D.uasset"
[2016.02.27-11.15.41:678][  0]LogPackFactory: Copied "../../../Samples/StarterContent/Content/StarterContent/Textures/T_CobbleStone_Pebble_M.uasset" to "D:/Proiecte/mortiimati/EpiChase/Content/StarterContent/Textures/T_CobbleStone_Pebble_M.uasset"
[2016.02.27-11.15.41:705][  0]LogPackFactory: Copied "../../../Samples/StarterContent/Content/StarterContent/Textures/T_CobbleStone_Pebble_N.uasset" to "D:/Proiecte/mortiimati/EpiChase/Content/StarterContent/Textures/T_CobbleStone_Pebble_N.uasset"
[2016.02.27-11.15.41:712][  0]LogPackFactory: Copied "../../../Samples/StarterContent/Content/StarterContent/Textures/T_CobbleStone_Rough_D.uasset" to "D:/Proiecte/mortiimati/EpiChase/Content/StarterContent/Textures/T_CobbleStone_Rough_D.uasset"
[2016.02.27-11.15.41:720][  0]LogPackFactory: Copied "../../../Samples/StarterContent/Content/StarterContent/Textures/T_CobbleStone_Rough_N.uasset" to "D:/Proiecte/mortiimati/EpiChase/Content/StarterContent/Textures/T_CobbleStone_Rough_N.uasset"
[2016.02.27-11.15.41:736][  0]LogPackFactory: Copied "../../../Samples/StarterContent/Content/StarterContent/Textures/T_CobbleStone_Smooth_D.uasset" to "D:/Proiecte/mortiimati/EpiChase/Content/StarterContent/Textures/T_CobbleStone_Smooth_D.uasset"
[2016.02.27-11.15.41:748][  0]LogPackFactory: Copied "../../../Samples/StarterContent/Content/StarterContent/Textures/T_CobbleStone_Smooth_M.uasset" to "D:/Proiecte/mortiimati/EpiChase/Content/StarterContent/Textures/T_CobbleStone_Smooth_M.uasset"
[2016.02.27-11.15.41:768][  0]LogPackFactory: Copied "../../../Samples/StarterContent/Content/StarterContent/Textures/T_CobbleStone_Smooth_N.uasset" to "D:/Proiecte/mortiimati/EpiChase/Content/StarterContent/Textures/T_CobbleStone_Smooth_N.uasset"
[2016.02.27-11.15.41:791][  0]LogPackFactory: Copied "../../../Samples/StarterContent/Content/StarterContent/Textures/T_Concrete_Grime_D.uasset" to "D:/Proiecte/mortiimati/EpiChase/Content/StarterContent/Textures/T_Concrete_Grime_D.uasset"
[2016.02.27-11.15.41:810][  0]LogPackFactory: Copied "../../../Samples/StarterContent/Content/StarterContent/Textures/T_Concrete_Panels_D.uasset" to "D:/Proiecte/mortiimati/EpiChase/Content/StarterContent/Textures/T_Concrete_Panels_D.uasset"
[2016.02.27-11.15.41:825][  0]LogPackFactory: Copied "../../../Samples/StarterContent/Content/StarterContent/Textures/T_Concrete_Panels_N.uasset" to "D:/Proiecte/mortiimati/EpiChase/Content/StarterContent/Textures/T_Concrete_Panels_N.uasset"
[2016.02.27-11.15.41:860][  0]LogPackFactory: Copied "../../../Samples/StarterContent/Content/StarterContent/Textures/T_Concrete_Poured_D.uasset" to "D:/Proiecte/mortiimati/EpiChase/Content/StarterContent/Textures/T_Concrete_Poured_D.uasset"
[2016.02.27-11.15.41:910][  0]LogPackFactory: Copied "../../../Samples/StarterContent/Content/StarterContent/Textures/T_Concrete_Poured_N.uasset" to "D:/Proiecte/mortiimati/EpiChase/Content/StarterContent/Textures/T_Concrete_Poured_N.uasset"
[2016.02.27-11.15.41:931][  0]LogPackFactory: Copied "../../../Samples/StarterContent/Content/StarterContent/Textures/T_Concrete_Tiles_D.uasset" to "D:/Proiecte/mortiimati/EpiChase/Content/StarterContent/Textures/T_Concrete_Tiles_D.uasset"
[2016.02.27-11.15.41:945][  0]LogPackFactory: Copied "../../../Samples/StarterContent/Content/StarterContent/Textures/T_Concrete_Tiles_M.uasset" to "D:/Proiecte/mortiimati/EpiChase/Content/StarterContent/Textures/T_Concrete_Tiles_M.uasset"
[2016.02.27-11.15.41:966][  0]LogPackFactory: Copied "../../../Samples/StarterContent/Content/StarterContent/Textures/T_Concrete_Tiles_N.uasset" to "D:/Proiecte/mortiimati/EpiChase/Content/StarterContent/Textures/T_Concrete_Tiles_N.uasset"
[2016.02.27-11.15.41:967][  0]LogPackFactory: Copied "../../../Samples/StarterContent/Content/StarterContent/Textures/T_Concrete_Tiles_Variation_M.uasset" to "D:/Proiecte/mortiimati/EpiChase/Content/StarterContent/Textures/T_Concrete_Tiles_Variation_M.uasset"
[2016.02.27-11.15.42:030][  0]LogPackFactory: Copied "../../../Samples/StarterContent/Content/StarterContent/Textures/T_Detail_Rocky_N.uasset" to "D:/Proiecte/mortiimati/EpiChase/Content/StarterContent/Textures/T_Detail_Rocky_N.uasset"
[2016.02.27-11.15.42:056][  0]LogPackFactory: Copied "../../../Samples/StarterContent/Content/StarterContent/Textures/T_Door_M.uasset" to "D:/Proiecte/mortiimati/EpiChase/Content/StarterContent/Textures/T_Door_M.uasset"
[2016.02.27-11.15.42:124][  0]LogPackFactory: Copied "../../../Samples/StarterContent/Content/StarterContent/Textures/T_Door_N.uasset" to "D:/Proiecte/mortiimati/EpiChase/Content/StarterContent/Textures/T_Door_N.uasset"
[2016.02.27-11.15.42:125][  0]LogPackFactory: Copied "../../../Samples/StarterContent/Content/StarterContent/Textures/T_Dust_Particle_D.uasset" to "D:/Proiecte/mortiimati/EpiChase/Content/StarterContent/Textures/T_Dust_Particle_D.uasset"
[2016.02.27-11.15.42:133][  0]LogPackFactory: Copied "../../../Samples/StarterContent/Content/StarterContent/Textures/T_Explosion_SubUV.uasset" to "D:/Proiecte/mortiimati/EpiChase/Content/StarterContent/Textures/T_Explosion_SubUV.uasset"
[2016.02.27-11.15.42:201][  0]LogPackFactory: Copied "../../../Samples/StarterContent/Content/StarterContent/Textures/T_Fire_SubUV.uasset" to "D:/Proiecte/mortiimati/EpiChase/Content/StarterContent/Textures/T_Fire_SubUV.uasset"
[2016.02.27-11.15.42:203][  0]LogPackFactory: Copied "../../../Samples/StarterContent/Content/StarterContent/Textures/T_Fire_Tiled_D.uasset" to "D:/Proiecte/mortiimati/EpiChase/Content/StarterContent/Textures/T_Fire_Tiled_D.uasset"
[2016.02.27-11.15.42:237][  0]LogPackFactory: Copied "../../../Samples/StarterContent/Content/StarterContent/Textures/T_Frame_M.uasset" to "D:/Proiecte/mortiimati/EpiChase/Content/StarterContent/Textures/T_Frame_M.uasset"
[2016.02.27-11.15.42:288][  0]LogPackFactory: Copied "../../../Samples/StarterContent/Content/StarterContent/Textures/T_Frame_N.uasset" to "D:/Proiecte/mortiimati/EpiChase/Content/StarterContent/Textures/T_Frame_N.uasset"
[2016.02.27-11.15.42:289][  0]LogPackFactory: Copied "../../../Samples/StarterContent/Content/StarterContent/Textures/T_Gradinet_01.uasset" to "D:/Proiecte/mortiimati/EpiChase/Content/StarterContent/Textures/T_Gradinet_01.uasset"
[2016.02.27-11.15.42:388][  0]LogPackFactory: Copied "../../../Samples/StarterContent/Content/StarterContent/Textures/T_Ground_Grass_D.uasset" to "D:/Proiecte/mortiimati/EpiChase/Content/StarterContent/Textures/T_Ground_Grass_D.uasset"
[2016.02.27-11.15.42:577][  0]LogPackFactory: Copied "../../../Samples/StarterContent/Content/StarterContent/Textures/T_Ground_Grass_N.uasset" to "D:/Proiecte/mortiimati/EpiChase/Content/StarterContent/Textures/T_Ground_Grass_N.uasset"
[2016.02.27-11.15.42:610][  0]LogPackFactory: Copied "../../../Samples/StarterContent/Content/StarterContent/Textures/T_Ground_Gravel_D.uasset" to "D:/Proiecte/mortiimati/EpiChase/Content/StarterContent/Textures/T_Ground_Gravel_D.uasset"
[2016.02.27-11.15.42:626][  0]LogPackFactory: Copied "../../../Samples/StarterContent/Content/StarterContent/Textures/T_Ground_Gravel_N.uasset" to "D:/Proiecte/mortiimati/EpiChase/Content/StarterContent/Textures/T_Ground_Gravel_N.uasset"
[2016.02.27-11.15.42:652][  0]LogPackFactory: Copied "../../../Samples/StarterContent/Content/StarterContent/Textures/T_ground_Moss_D.uasset" to "D:/Proiecte/mortiimati/EpiChase/Content/StarterContent/Textures/T_ground_Moss_D.uasset"
[2016.02.27-11.15.42:707][  0]LogPackFactory: Copied "../../../Samples/StarterContent/Content/StarterContent/Textures/T_Ground_Moss_N.uasset" to "D:/Proiecte/mortiimati/EpiChase/Content/StarterContent/Textures/T_Ground_Moss_N.uasset"
[2016.02.27-11.15.42:710][  0]LogPackFactory: Copied "../../../Samples/StarterContent/Content/StarterContent/Textures/T_Lamp_M.uasset" to "D:/Proiecte/mortiimati/EpiChase/Content/StarterContent/Textures/T_Lamp_M.uasset"
[2016.02.27-11.15.42:715][  0]LogPackFactory: Copied "../../../Samples/StarterContent/Content/StarterContent/Textures/T_Lamp_N.uasset" to "D:/Proiecte/mortiimati/EpiChase/Content/StarterContent/Textures/T_Lamp_N.uasset"
[2016.02.27-11.15.42:738][  0]LogPackFactory: Copied "../../../Samples/StarterContent/Content/StarterContent/Textures/T_MacroVariation.uasset" to "D:/Proiecte/mortiimati/EpiChase/Content/StarterContent/Textures/T_MacroVariation.uasset"
[2016.02.27-11.15.42:841][  0]LogPackFactory: Copied "../../../Samples/StarterContent/Content/StarterContent/Textures/T_Metal_Aluminum_D.uasset" to "D:/Proiecte/mortiimati/EpiChase/Content/StarterContent/Textures/T_Metal_Aluminum_D.uasset"
[2016.02.27-11.15.42:861][  0]LogPackFactory: Copied "../../../Samples/StarterContent/Content/StarterContent/Textures/T_Metal_Copper_D.uasset" to "D:/Proiecte/mortiimati/EpiChase/Content/StarterContent/Textures/T_Metal_Copper_D.uasset"
[2016.02.27-11.15.42:887][  0]LogPackFactory: Copied "../../../Samples/StarterContent/Content/StarterContent/Textures/T_Metal_Gold_D.uasset" to "D:/Proiecte/mortiimati/EpiChase/Content/StarterContent/Textures/T_Metal_Gold_D.uasset"
[2016.02.27-11.15.43:025][  0]LogPackFactory: Copied "../../../Samples/StarterContent/Content/StarterContent/Textures/T_Metal_Gold_N.uasset" to "D:/Proiecte/mortiimati/EpiChase/Content/StarterContent/Textures/T_Metal_Gold_N.uasset"
[2016.02.27-11.15.43:141][  0]LogPackFactory: Copied "../../../Samples/StarterContent/Content/StarterContent/Textures/T_Metal_Rust_D.uasset" to "D:/Proiecte/mortiimati/EpiChase/Content/StarterContent/Textures/T_Metal_Rust_D.uasset"
[2016.02.27-11.15.43:210][  0]LogPackFactory: Copied "../../../Samples/StarterContent/Content/StarterContent/Textures/T_Metal_Rust_N.uasset" to "D:/Proiecte/mortiimati/EpiChase/Content/StarterContent/Textures/T_Metal_Rust_N.uasset"
[2016.02.27-11.15.43:245][  0]LogPackFactory: Copied "../../../Samples/StarterContent/Content/StarterContent/Textures/T_Metal_Steel_D.uasset" to "D:/Proiecte/mortiimati/EpiChase/Content/StarterContent/Textures/T_Metal_Steel_D.uasset"
[2016.02.27-11.15.43:256][  0]LogPackFactory: Copied "../../../Samples/StarterContent/Content/StarterContent/Textures/T_Metal_Steel_N.uasset" to "D:/Proiecte/mortiimati/EpiChase/Content/StarterContent/Textures/T_Metal_Steel_N.uasset"
[2016.02.27-11.15.43:462][  0]LogPackFactory: Copied "../../../Samples/StarterContent/Content/StarterContent/Textures/T_Perlin_Noise_M.uasset" to "D:/Proiecte/mortiimati/EpiChase/Content/StarterContent/Textures/T_Perlin_Noise_M.uasset"
[2016.02.27-11.15.43:563][  0]LogPackFactory: Copied "../../../Samples/StarterContent/Content/StarterContent/Textures/T_RockMesh_M.uasset" to "D:/Proiecte/mortiimati/EpiChase/Content/StarterContent/Textures/T_RockMesh_M.uasset"
[2016.02.27-11.15.43:943][  0]LogPackFactory: Copied "../../../Samples/StarterContent/Content/StarterContent/Textures/T_RockMesh_N.uasset" to "D:/Proiecte/mortiimati/EpiChase/Content/StarterContent/Textures/T_RockMesh_N.uasset"
[2016.02.27-11.15.44:057][  0]LogPackFactory: Copied "../../../Samples/StarterContent/Content/StarterContent/Textures/T_Rock_Basalt_D.uasset" to "D:/Proiecte/mortiimati/EpiChase/Content/StarterContent/Textures/T_Rock_Basalt_D.uasset"
[2016.02.27-11.15.44:194][  0]LogPackFactory: Copied "../../../Samples/StarterContent/Content/StarterContent/Textures/T_Rock_Basalt_N.uasset" to "D:/Proiecte/mortiimati/EpiChase/Content/StarterContent/Textures/T_Rock_Basalt_N.uasset"
[2016.02.27-11.15.44:498][  0]LogPackFactory: Copied "../../../Samples/StarterContent/Content/StarterContent/Textures/T_Rock_Marble_Polished_D.uasset" to "D:/Proiecte/mortiimati/EpiChase/Content/StarterContent/Textures/T_Rock_Marble_Polished_D.uasset"
[2016.02.27-11.15.44:913][  0]LogPackFactory: Copied "../../../Samples/StarterContent/Content/StarterContent/Textures/T_Rock_Sandstone_D.uasset" to "D:/Proiecte/mortiimati/EpiChase/Content/StarterContent/Textures/T_Rock_Sandstone_D.uasset"
[2016.02.27-11.15.45:188][  0]LogPackFactory: Copied "../../../Samples/StarterContent/Content/StarterContent/Textures/T_Rock_Sandstone_N.uasset" to "D:/Proiecte/mortiimati/EpiChase/Content/StarterContent/Textures/T_Rock_Sandstone_N.uasset"
[2016.02.27-11.15.45:794][  0]LogPackFactory: Copied "../../../Samples/StarterContent/Content/StarterContent/Textures/T_Rock_Slate_D.uasset" to "D:/Proiecte/mortiimati/EpiChase/Content/StarterContent/Textures/T_Rock_Slate_D.uasset"
[2016.02.27-11.15.45:963][  0]LogPackFactory: Copied "../../../Samples/StarterContent/Content/StarterContent/Textures/T_Rock_Slate_N.uasset" to "D:/Proiecte/mortiimati/EpiChase/Content/StarterContent/Textures/T_Rock_Slate_N.uasset"
[2016.02.27-11.15.46:274][  0]LogPackFactory: Copied "../../../Samples/StarterContent/Content/StarterContent/Textures/T_Rock_Smooth_Granite_D.uasset" to "D:/Proiecte/mortiimati/EpiChase/Content/StarterContent/Textures/T_Rock_Smooth_Granite_D.uasset"
[2016.02.27-11.15.46:417][  0]LogPackFactory: Copied "../../../Samples/StarterContent/Content/StarterContent/Textures/T_Shelf_M.uasset" to "D:/Proiecte/mortiimati/EpiChase/Content/StarterContent/Textures/T_Shelf_M.uasset"
[2016.02.27-11.15.46:434][  0]LogPackFactory: Copied "../../../Samples/StarterContent/Content/StarterContent/Textures/T_Shelf_N.uasset" to "D:/Proiecte/mortiimati/EpiChase/Content/StarterContent/Textures/T_Shelf_N.uasset"
[2016.02.27-11.15.46:707][  0]LogPackFactory: Copied "../../../Samples/StarterContent/Content/StarterContent/Textures/T_Single_Tile_N.uasset" to "D:/Proiecte/mortiimati/EpiChase/Content/StarterContent/Textures/T_Single_Tile_N.uasset"
[2016.02.27-11.15.46:714][  0]LogPackFactory: Copied "../../../Samples/StarterContent/Content/StarterContent/Textures/T_Smoke_SubUV.uasset" to "D:/Proiecte/mortiimati/EpiChase/Content/StarterContent/Textures/T_Smoke_SubUV.uasset"
[2016.02.27-11.15.46:715][  0]LogPackFactory: Copied "../../../Samples/StarterContent/Content/StarterContent/Textures/T_Smoke_Tiled_D.uasset" to "D:/Proiecte/mortiimati/EpiChase/Content/StarterContent/Textures/T_Smoke_Tiled_D.uasset"
[2016.02.27-11.15.46:765][  0]LogPackFactory: Copied "../../../Samples/StarterContent/Content/StarterContent/Textures/T_Spark_Core.uasset" to "D:/Proiecte/mortiimati/EpiChase/Content/StarterContent/Textures/T_Spark_Core.uasset"
[2016.02.27-11.15.46:768][  0]LogPackFactory: Copied "../../../Samples/StarterContent/Content/StarterContent/Textures/T_Statue_M.uasset" to "D:/Proiecte/mortiimati/EpiChase/Content/StarterContent/Textures/T_Statue_M.uasset"
[2016.02.27-11.15.46:883][  0]LogPackFactory: Copied "../../../Samples/StarterContent/Content/StarterContent/Textures/T_Statue_N.uasset" to "D:/Proiecte/mortiimati/EpiChase/Content/StarterContent/Textures/T_Statue_N.uasset"
[2016.02.27-11.15.46:886][  0]LogPackFactory: Copied "../../../Samples/StarterContent/Content/StarterContent/Textures/T_TableRound_M.uasset" to "D:/Proiecte/mortiimati/EpiChase/Content/StarterContent/Textures/T_TableRound_M.uasset"
[2016.02.27-11.15.46:891][  0]LogPackFactory: Copied "../../../Samples/StarterContent/Content/StarterContent/Textures/T_TableRound_N.uasset" to "D:/Proiecte/mortiimati/EpiChase/Content/StarterContent/Textures/T_TableRound_N.uasset"
[2016.02.27-11.15.47:032][  0]LogPackFactory: Copied "../../../Samples/StarterContent/Content/StarterContent/Textures/T_Tech_Dot_M.uasset" to "D:/Proiecte/mortiimati/EpiChase/Content/StarterContent/Textures/T_Tech_Dot_M.uasset"
[2016.02.27-11.15.47:033][  0]LogPackFactory: Copied "../../../Samples/StarterContent/Content/StarterContent/Textures/T_Tech_Dot_N.uasset" to "D:/Proiecte/mortiimati/EpiChase/Content/StarterContent/Textures/T_Tech_Dot_N.uasset"
[2016.02.27-11.15.47:037][  0]LogPackFactory: Copied "../../../Samples/StarterContent/Content/StarterContent/Textures/T_Tech_Hex_Tile_M.uasset" to "D:/Proiecte/mortiimati/EpiChase/Content/StarterContent/Textures/T_Tech_Hex_Tile_M.uasset"
[2016.02.27-11.15.47:039][  0]LogPackFactory: Copied "../../../Samples/StarterContent/Content/StarterContent/Textures/T_Tech_Hex_Tile_N.uasset" to "D:/Proiecte/mortiimati/EpiChase/Content/StarterContent/Textures/T_Tech_Hex_Tile_N.uasset"
[2016.02.27-11.15.47:159][  0]LogPackFactory: Copied "../../../Samples/StarterContent/Content/StarterContent/Textures/T_Tech_Panel_M.uasset" to "D:/Proiecte/mortiimati/EpiChase/Content/StarterContent/Textures/T_Tech_Panel_M.uasset"
[2016.02.27-11.15.47:164][  0]LogPackFactory: Copied "../../../Samples/StarterContent/Content/StarterContent/Textures/T_Tech_Panel_N.uasset" to "D:/Proiecte/mortiimati/EpiChase/Content/StarterContent/Textures/T_Tech_Panel_N.uasset"
[2016.02.27-11.15.47:169][  0]LogPackFactory: Copied "../../../Samples/StarterContent/Content/StarterContent/Textures/T_Water_M.uasset" to "D:/Proiecte/mortiimati/EpiChase/Content/StarterContent/Textures/T_Water_M.uasset"
[2016.02.27-11.15.47:605][  0]LogPackFactory: Copied "../../../Samples/StarterContent/Content/StarterContent/Textures/T_Water_N.uasset" to "D:/Proiecte/mortiimati/EpiChase/Content/StarterContent/Textures/T_Water_N.uasset"
[2016.02.27-11.15.47:616][  0]LogPackFactory: Copied "../../../Samples/StarterContent/Content/StarterContent/Textures/T_Wood_Floor_Walnut_D.uasset" to "D:/Proiecte/mortiimati/EpiChase/Content/StarterContent/Textures/T_Wood_Floor_Walnut_D.uasset"
[2016.02.27-11.15.47:789][  0]LogPackFactory: Copied "../../../Samples/StarterContent/Content/StarterContent/Textures/T_Wood_Floor_Walnut_M.uasset" to "D:/Proiecte/mortiimati/EpiChase/Content/StarterContent/Textures/T_Wood_Floor_Walnut_M.uasset"
[2016.02.27-11.15.47:912][  0]LogPackFactory: Copied "../../../Samples/StarterContent/Content/StarterContent/Textures/T_Wood_Floor_Walnut_N.uasset" to "D:/Proiecte/mortiimati/EpiChase/Content/StarterContent/Textures/T_Wood_Floor_Walnut_N.uasset"
[2016.02.27-11.15.47:926][  0]LogPackFactory: Copied "../../../Samples/StarterContent/Content/StarterContent/Textures/T_Wood_Oak_D.uasset" to "D:/Proiecte/mortiimati/EpiChase/Content/StarterContent/Textures/T_Wood_Oak_D.uasset"
[2016.02.27-11.15.48:337][  0]LogPackFactory: Copied "../../../Samples/StarterContent/Content/StarterContent/Textures/T_Wood_Oak_N.uasset" to "D:/Proiecte/mortiimati/EpiChase/Content/StarterContent/Textures/T_Wood_Oak_N.uasset"
[2016.02.27-11.15.48:357][  0]LogPackFactory: Copied "../../../Samples/StarterContent/Content/StarterContent/Textures/T_Wood_Pine_D.uasset" to "D:/Proiecte/mortiimati/EpiChase/Content/StarterContent/Textures/T_Wood_Pine_D.uasset"
[2016.02.27-11.15.48:455][  0]LogPackFactory: Copied "../../../Samples/StarterContent/Content/StarterContent/Textures/T_Wood_Pine_N.uasset" to "D:/Proiecte/mortiimati/EpiChase/Content/StarterContent/Textures/T_Wood_Pine_N.uasset"
[2016.02.27-11.15.48:552][  0]LogPackFactory: Copied "../../../Samples/StarterContent/Content/StarterContent/Textures/T_Wood_Walnut_D.uasset" to "D:/Proiecte/mortiimati/EpiChase/Content/StarterContent/Textures/T_Wood_Walnut_D.uasset"
[2016.02.27-11.15.48:774][  0]LogPackFactory: Copied "../../../Samples/StarterContent/Content/StarterContent/Textures/T_Wood_Walnut_N.uasset" to "D:/Proiecte/mortiimati/EpiChase/Content/StarterContent/Textures/T_Wood_Walnut_N.uasset"
[2016.02.27-11.15.49:030][  0]LogRenderer: Reallocating scene render targets to support 256x256 (Frame:2).
[2016.02.27-11.15.49:117][  0]Cmd: OBJ SAVEPACKAGE PACKAGE="/Game/StarterContent/Architecture/Floor_400x400" FILE="D:/Proiecte/mortiimati/EpiChase/Content/StarterContent/Architecture/Floor_400x400.uasset" SILENT=true
[2016.02.27-11.15.49:202][  0]LogSavePackage: Save=13.293262ms
[2016.02.27-11.15.49:202][  0]LogSavePackage: Moving 'D:/Proiecte/mortiimati/EpiChase/Saved/Floor_400x40043CD36644B013849ECDC3DA6DE0391D2.tmp' to 'D:/Proiecte/mortiimati/EpiChase/Content/StarterContent/Architecture/Floor_400x400.uasset'
[2016.02.27-11.15.49:204][  0]LogSavePackage: Total save time: 85.704383ms
[2016.02.27-11.15.49:204][  0]LogSavePackage:Display: Finished SavePackage D:/Proiecte/mortiimati/EpiChase/Content/StarterContent/Architecture/Floor_400x400.uasset
[2016.02.27-11.15.49:204][  0]LogFeaturePack:Warning: Inserted 1 feature packs
[2016.02.27-11.15.49:205][  0]Cmd: MAP LOAD FILE="D:/Proiecte/mortiimati/EpiChase/Content/ThirdPersonBP/Maps/ThirdPersonExampleMap.umap" TEMPLATE=0 SHOWPROGRESS=1 FEATURELEVEL=3
[2016.02.27-11.15.49:206][  0]LightingResults: New page: Lighting Build
[2016.02.27-11.15.49:211][  0]MapCheck: New page: Map Check
[2016.02.27-11.15.49:211][  0]LightingResults: New page: Lighting Build
[2016.02.27-11.15.49:229][  0]LogParticles: Destroying 0 GPU particle simulations for FXSystem 0x0000015DA5E5E020
[2016.02.27-11.15.49:931][  0]LogAIModule: Creating AISystem for world ThirdPersonExampleMap
[2016.02.27-11.15.49:945][  0]LogEditorServer: Finished looking for orphan Actors (0.000 secs)
[2016.02.27-11.15.49:946][  0]Cmd: MAP CHECKDEP NOCLEARLOG
[2016.02.27-11.15.50:037][  0]MapCheck: Info Map check complete: 0 Error(s), 0 Warning(s), took 90.801ms to complete.
[2016.02.27-11.15.50:037][  0]LogFileHelpers: Loading map 'ThirdPersonExampleMap' took 0.832
[2016.02.27-11.15.50:177][  0]LogCollectionManager: Loaded 0 collections in 0.003747 seconds
[2016.02.27-11.15.50:631][  0]LogFileCache: Scanning file cache for directory 'D:/Proiecte/mortiimati/EpiChase/Saved/Collections/' took 0.01s
[2016.02.27-11.15.50:631][  0]LogFileCache: Scanning file cache for directory 'D:/Proiecte/mortiimati/EpiChase/Content/Developers/Razvan/Collections/' took 0.01s
[2016.02.27-11.15.50:631][  0]LogFileCache: Scanning file cache for directory 'D:/Proiecte/mortiimati/EpiChase/Content/Collections/' took 0.01s
[2016.02.27-11.15.50:631][  0]LogCollectionManager: Rebuilt the GUID cache for 0 collections in 0.000002 seconds
[2016.02.27-11.15.50:643][  0]LogContentBrowser: Native class hierarchy populated in 0.0115 seconds. Added 1893 classes and 338 folders.
[2016.02.27-11.15.50:654][  0]LogContentBrowser: Native class hierarchy updated for 'WidgetCarousel' in 0.0005 seconds. Added 0 classes and 0 folders.
[2016.02.27-11.15.50:735][  0]LogContentBrowser: Native class hierarchy updated for 'AddContentDialog' in 0.0005 seconds. Added 0 classes and 0 folders.
[2016.02.27-11.15.50:742][  0]LogContentBrowser: Native class hierarchy updated for 'SceneOutliner' in 0.0005 seconds. Added 1 classes and 2 folders.
[2016.02.27-11.15.50:776][  0]LogCrashTracker: Crashtracker disabled due to settings.
[2016.02.27-11.15.50:783][  0]LogUObjectGlobals:Warning: Failed to find object 'Class None.'
[2016.02.27-11.15.50:806][  0]LogLoad: Full Startup: 18.70 seconds (BP compile: 0.15 seconds)
[2016.02.27-11.15.50:820][  0]LogOcInput: Can't find Oculus library dev build: is proper Runtime installed? Version: 0.8.0.0
[2016.02.27-11.15.5